0 verbose cli C:\Program Files\nodejs\node.exe C:\Program Files\nodejs\node_modules\npm\bin\npm-cli.js
1 info using npm@11.6.2
2 info using node@v24.13.0
3 silly config load:file:C:\Program Files\nodejs\node_modules\npm\npmrc
4 silly config load:file:C:\Users\Rob\projects\Thought\typescript\.npmrc
5 silly config load:file:C:\Users\Rob\.npmrc
6 silly config load:file:C:\Users\Rob\AppData\Roaming\npm\etc\npmrc
7 verbose title npm install
8 verbose argv "install" "--cache" ".npm-cache"
9 verbose logfile logs-max:10 dir:C:\Users\Rob\projects\Thought\typescript\.npm-cache\_logs\2026-02-28T18_11_27_350Z-
10 verbose logfile C:\Users\Rob\projects\Thought\typescript\.npm-cache\_logs\2026-02-28T18_11_27_350Z-debug-0.log
11 silly logfile done cleaning log files
12 silly packumentCache heap:4496293888 maxSize:1124073472 maxEntrySize:562036736
13 silly idealTree buildDeps
14 silly fetch manifest @types/benchmark@^2.1.5
15 silly packumentCache full:https://registry.npmjs.org/@types%2fbenchmark cache-miss
16 http fetch GET https://registry.npmjs.org/npm attempt 1 failed with EACCES
17 http fetch GET https://registry.npmjs.org/@types%2fbenchmark attempt 1 failed with EACCES
18 http fetch GET https://registry.npmjs.org/npm attempt 2 failed with EACCES
19 http fetch GET https://registry.npmjs.org/@types%2fbenchmark attempt 2 failed with EACCES
20 http fetch GET https://registry.npmjs.org/npm attempt 3 failed with EACCES
21 http fetch GET https://registry.npmjs.org/@types%2fbenchmark attempt 3 failed with EACCES
22 silly fetch manifest @types/node@^22.10.0
23 silly packumentCache full:https://registry.npmjs.org/@types%2fnode cache-miss
24 http fetch GET https://registry.npmjs.org/@types%2fnode attempt 1 failed with EACCES
25 http fetch GET https://registry.npmjs.org/@types%2fnode attempt 2 failed with EACCES
