0 verbose cli C:\Program Files\nodejs\node.exe C:\Program Files\nodejs\node_modules\npm\bin\npm-cli.js
1 info using npm@11.6.2
2 info using node@v24.13.0
3 silly config load:file:C:\Program Files\nodejs\node_modules\npm\npmrc
4 silly config load:file:C:\Users\Rob\projects\Thought\typescript\.npmrc
5 silly config load:file:C:\Users\Rob\.npmrc
6 silly config load:file:C:\Users\Rob\AppData\Roaming\npm\etc\npmrc
7 verbose title npm install
8 verbose argv "install" "--cache" ".npm-cache"
9 verbose logfile logs-max:10 dir:C:\Users\Rob\projects\Thought\typescript\.npm-cache\_logs\2026-02-28T18_18_54_040Z-
10 verbose logfile C:\Users\Rob\projects\Thought\typescript\.npm-cache\_logs\2026-02-28T18_18_54_040Z-debug-0.log
11 silly logfile done cleaning log files
12 silly packumentCache heap:4496293888 maxSize:1124073472 maxEntrySize:562036736
13 silly idealTree buildDeps
14 silly fetch manifest @types/benchmark@^2.1.5
15 silly packumentCache full:https://registry.npmjs.org/@types%2fbenchmark cache-miss
16 http fetch GET 200 https://registry.npmjs.org/@types%2fbenchmark 283ms (cache miss)
17 silly packumentCache full:https://registry.npmjs.org/@types%2fbenchmark set size:undefined disposed:false
18 silly fetch manifest @types/node@^22.10.0
19 silly packumentCache full:https://registry.npmjs.org/@types%2fnode cache-miss
20 http fetch GET 200 https://registry.npmjs.org/@types%2fnode 637ms (cache miss)
21 silly packumentCache full:https://registry.npmjs.org/@types%2fnode set size:undefined disposed:false
22 silly fetch manifest benchmark@^2.1.4
23 silly packumentCache full:https://registry.npmjs.org/benchmark cache-miss
24 http fetch GET 200 https://registry.npmjs.org/benchmark 41ms (cache miss)
25 silly packumentCache full:https://registry.npmjs.org/benchmark set size:undefined disposed:false
26 silly fetch manifest tsx@^4.19.2
27 silly packumentCache full:https://registry.npmjs.org/tsx cache-miss
28 http fetch GET 200 https://registry.npmjs.org/tsx 38ms (cache miss)
29 silly packumentCache full:https://registry.npmjs.org/tsx set size:undefined disposed:false
30 silly fetch manifest typescript@^5.7.2
31 silly packumentCache full:https://registry.npmjs.org/typescript cache-miss
32 http fetch GET 200 https://registry.npmjs.org/typescript 245ms (cache miss)
33 silly packumentCache full:https://registry.npmjs.org/typescript set size:undefined disposed:false
34 silly fetch manifest vitest@^2.1.8
35 silly packumentCache full:https://registry.npmjs.org/vitest cache-miss
36 http fetch GET 200 https://registry.npmjs.org/vitest 61ms (cache miss)
37 silly packumentCache full:https://registry.npmjs.org/vitest set size:undefined disposed:false
38 silly fetch manifest @edge-runtime/vm@*
39 silly packumentCache full:https://registry.npmjs.org/@edge-runtime%2fvm cache-miss
40 http fetch GET 200 https://registry.npmjs.org/@edge-runtime%2fvm 64ms (cache miss)
41 silly packumentCache full:https://registry.npmjs.org/@edge-runtime%2fvm set size:undefined disposed:false
42 silly fetch manifest @vitest/browser@2.1.9
43 silly packumentCache full:https://registry.npmjs.org/@vitest%2fbrowser cache-miss
44 http fetch GET 200 https://registry.npmjs.org/@vitest%2fbrowser 182ms (cache miss)
45 silly packumentCache full:https://registry.npmjs.org/@vitest%2fbrowser set size:undefined disposed:false
46 silly fetch manifest playwright@*
47 silly packumentCache full:https://registry.npmjs.org/playwright cache-miss
48 http fetch GET 200 https://registry.npmjs.org/playwright 244ms (cache miss)
49 silly packumentCache full:https://registry.npmjs.org/playwright set size:undefined disposed:false
50 silly fetch manifest webdriverio@*
51 silly packumentCache full:https://registry.npmjs.org/webdriverio cache-miss
52 http fetch GET 200 https://registry.npmjs.org/webdriverio 61ms (cache miss)
53 silly packumentCache full:https://registry.npmjs.org/webdriverio set size:undefined disposed:false
54 silly fetch manifest puppeteer-core@>=22.x || <=24.x
55 silly packumentCache full:https://registry.npmjs.org/puppeteer-core cache-miss
56 http fetch GET 200 https://registry.npmjs.org/puppeteer-core 59ms (cache miss)
57 silly packumentCache full:https://registry.npmjs.org/puppeteer-core set size:undefined disposed:false
58 silly fetch manifest @vitest/ui@2.1.9
59 silly packumentCache full:https://registry.npmjs.org/@vitest%2fui cache-miss
60 http fetch GET 200 https://registry.npmjs.org/@vitest%2fui 215ms (cache miss)
61 silly packumentCache full:https://registry.npmjs.org/@vitest%2fui set size:undefined disposed:false
62 silly fetch manifest happy-dom@*
63 silly packumentCache full:https://registry.npmjs.org/happy-dom cache-miss
64 http fetch GET 200 https://registry.npmjs.org/happy-dom 49ms (cache miss)
65 silly packumentCache full:https://registry.npmjs.org/happy-dom set size:undefined disposed:false
66 silly fetch manifest jsdom@*
67 silly packumentCache full:https://registry.npmjs.org/jsdom cache-miss
68 http fetch GET 200 https://registry.npmjs.org/jsdom 38ms (cache miss)
69 silly packumentCache full:https://registry.npmjs.org/jsdom set size:undefined disposed:false
70 silly fetch manifest canvas@^3.0.0
71 silly packumentCache full:https://registry.npmjs.org/canvas cache-miss
72 http fetch GET 200 https://registry.npmjs.org/canvas 32ms (cache miss)
73 silly packumentCache full:https://registry.npmjs.org/canvas set size:undefined disposed:false
74 silly placeDep ROOT @types/benchmark@2.1.5 OK for: thought-wrapper-ts@1.0.0 want: ^2.1.5
75 silly placeDep ROOT @types/node@22.19.13 OK for: thought-wrapper-ts@1.0.0 want: ^22.10.0
76 silly placeDep ROOT benchmark@2.1.4 OK for: thought-wrapper-ts@1.0.0 want: ^2.1.4
77 silly placeDep ROOT tsx@4.21.0 OK for: thought-wrapper-ts@1.0.0 want: ^4.19.2
78 silly placeDep ROOT typescript@5.9.3 OK for: thought-wrapper-ts@1.0.0 want: ^5.7.2
79 silly placeDep ROOT vitest@2.1.9 OK for: thought-wrapper-ts@1.0.0 want: ^2.1.8
80 silly fetch manifest undici-types@~6.21.0
81 silly packumentCache full:https://registry.npmjs.org/undici-types cache-miss
82 silly fetch manifest lodash@^4.17.4
83 silly packumentCache full:https://registry.npmjs.org/lodash cache-miss
84 silly fetch manifest platform@^1.3.3
85 silly packumentCache full:https://registry.npmjs.org/platform cache-miss
86 silly fetch manifest esbuild@~0.27.0
87 silly packumentCache full:https://registry.npmjs.org/esbuild cache-miss
88 silly fetch manifest get-tsconfig@^4.7.5
89 silly packumentCache full:https://registry.npmjs.org/get-tsconfig cache-miss
90 silly fetch manifest fsevents@~2.3.3
91 silly packumentCache full:https://registry.npmjs.org/fsevents cache-miss
92 silly fetch manifest chai@^5.1.2
93 silly packumentCache full:https://registry.npmjs.org/chai cache-miss
94 silly fetch manifest vite@^5.0.0
95 silly packumentCache full:https://registry.npmjs.org/vite cache-miss
96 silly fetch manifest debug@^4.3.7
97 silly packumentCache full:https://registry.npmjs.org/debug cache-miss
98 silly fetch manifest pathe@^1.1.2
99 silly packumentCache full:https://registry.npmjs.org/pathe cache-miss
100 silly fetch manifest std-env@^3.8.0
101 silly packumentCache full:https://registry.npmjs.org/std-env cache-miss
102 silly fetch manifest tinyexec@^0.3.1
103 silly packumentCache full:https://registry.npmjs.org/tinyexec cache-miss
104 silly fetch manifest tinypool@^1.0.1
105 silly packumentCache full:https://registry.npmjs.org/tinypool cache-miss
106 silly fetch manifest tinybench@^2.9.0
107 silly packumentCache full:https://registry.npmjs.org/tinybench cache-miss
108 silly fetch manifest vite-node@2.1.9
109 silly packumentCache full:https://registry.npmjs.org/vite-node cache-miss
110 http fetch GET 200 https://registry.npmjs.org/undici-types 57ms (cache miss)
111 silly packumentCache full:https://registry.npmjs.org/undici-types set size:undefined disposed:false
112 silly fetch manifest @vitest/spy@2.1.9
113 silly packumentCache full:https://registry.npmjs.org/@vitest%2fspy cache-miss
114 http fetch GET 200 https://registry.npmjs.org/tinyexec 86ms (cache miss)
115 silly packumentCache full:https://registry.npmjs.org/tinyexec set size:undefined disposed:false
116 silly fetch manifest expect-type@^1.1.0
117 silly packumentCache full:https://registry.npmjs.org/expect-type cache-miss
118 http fetch GET 200 https://registry.npmjs.org/lodash 92ms (cache miss)
119 silly packumentCache full:https://registry.npmjs.org/lodash set size:undefined disposed:false
120 silly fetch manifest tinyrainbow@^1.2.0
121 silly packumentCache full:https://registry.npmjs.org/tinyrainbow cache-miss
122 http fetch GET 200 https://registry.npmjs.org/chai 99ms (cache miss)
123 silly packumentCache full:https://registry.npmjs.org/chai set size:undefined disposed:false
124 silly fetch manifest magic-string@^0.30.12
125 silly packumentCache full:https://registry.npmjs.org/magic-string cache-miss
126 http fetch GET 200 https://registry.npmjs.org/fsevents 104ms (cache miss)
127 silly packumentCache full:https://registry.npmjs.org/fsevents set size:undefined disposed:false
128 silly fetch manifest @vitest/utils@2.1.9
129 silly packumentCache full:https://registry.npmjs.org/@vitest%2futils cache-miss
130 http fetch GET 200 https://registry.npmjs.org/debug 109ms (cache miss)
131 silly packumentCache full:https://registry.npmjs.org/debug set size:undefined disposed:false
132 silly fetch manifest @vitest/expect@2.1.9
133 silly packumentCache full:https://registry.npmjs.org/@vitest%2fexpect cache-miss
134 http fetch GET 200 https://registry.npmjs.org/platform 124ms (cache miss)
135 silly packumentCache full:https://registry.npmjs.org/platform set size:undefined disposed:false
136 silly fetch manifest @vitest/mocker@2.1.9
137 silly packumentCache full:https://registry.npmjs.org/@vitest%2fmocker cache-miss
138 http fetch GET 200 https://registry.npmjs.org/pathe 127ms (cache miss)
139 silly packumentCache full:https://registry.npmjs.org/pathe set size:undefined disposed:false
140 silly fetch manifest @vitest/runner@2.1.9
141 silly packumentCache full:https://registry.npmjs.org/@vitest%2frunner cache-miss
142 http fetch GET 200 https://registry.npmjs.org/std-env 131ms (cache miss)
143 silly packumentCache full:https://registry.npmjs.org/std-env set size:undefined disposed:false
144 silly fetch manifest @vitest/snapshot@2.1.9
145 silly packumentCache full:https://registry.npmjs.org/@vitest%2fsnapshot cache-miss
146 http fetch GET 200 https://registry.npmjs.org/get-tsconfig 136ms (cache miss)
147 silly packumentCache full:https://registry.npmjs.org/get-tsconfig set size:undefined disposed:false
148 silly fetch manifest why-is-node-running@^2.3.0
149 silly packumentCache full:https://registry.npmjs.org/why-is-node-running cache-miss
150 http fetch GET 200 https://registry.npmjs.org/tinybench 140ms (cache miss)
151 silly packumentCache full:https://registry.npmjs.org/tinybench set size:undefined disposed:false
152 silly fetch manifest @vitest/pretty-format@^2.1.9
153 silly packumentCache full:https://registry.npmjs.org/@vitest%2fpretty-format cache-miss
154 http fetch GET 200 https://registry.npmjs.org/tinypool 146ms (cache miss)
155 silly packumentCache full:https://registry.npmjs.org/tinypool set size:undefined disposed:false
156 http fetch GET 200 https://registry.npmjs.org/tinyrainbow 54ms (cache miss)
157 silly packumentCache full:https://registry.npmjs.org/tinyrainbow set size:undefined disposed:false
158 http fetch GET 200 https://registry.npmjs.org/expect-type 64ms (cache miss)
159 silly packumentCache full:https://registry.npmjs.org/expect-type set size:undefined disposed:false
160 http fetch GET 200 https://registry.npmjs.org/magic-string 63ms (cache miss)
161 silly packumentCache full:https://registry.npmjs.org/magic-string set size:undefined disposed:false
162 http fetch GET 200 https://registry.npmjs.org/vite-node 167ms (cache miss)
163 silly packumentCache full:https://registry.npmjs.org/vite-node set size:undefined disposed:false
164 http fetch GET 200 https://registry.npmjs.org/esbuild 181ms (cache miss)
165 silly packumentCache full:https://registry.npmjs.org/esbuild set size:undefined disposed:false
166 http fetch GET 200 https://registry.npmjs.org/@vitest%2fexpect 84ms (cache miss)
167 silly packumentCache full:https://registry.npmjs.org/@vitest%2fexpect set size:undefined disposed:false
168 http fetch GET 200 https://registry.npmjs.org/@vitest%2futils 93ms (cache miss)
169 silly packumentCache full:https://registry.npmjs.org/@vitest%2futils set size:undefined disposed:false
170 http fetch GET 200 https://registry.npmjs.org/why-is-node-running 64ms (cache miss)
171 silly packumentCache full:https://registry.npmjs.org/why-is-node-running set size:undefined disposed:false
172 http fetch GET 200 https://registry.npmjs.org/@vitest%2frunner 79ms (cache miss)
173 silly packumentCache full:https://registry.npmjs.org/@vitest%2frunner set size:undefined disposed:false
174 http fetch GET 200 https://registry.npmjs.org/@vitest%2fpretty-format 73ms (cache miss)
175 silly packumentCache full:https://registry.npmjs.org/@vitest%2fpretty-format set size:undefined disposed:false
176 http fetch GET 200 https://registry.npmjs.org/@vitest%2fspy 184ms (cache miss)
177 silly packumentCache full:https://registry.npmjs.org/@vitest%2fspy set size:undefined disposed:false
178 http fetch GET 200 https://registry.npmjs.org/@vitest%2fmocker 130ms (cache miss)
179 silly packumentCache full:https://registry.npmjs.org/@vitest%2fmocker set size:undefined disposed:false
180 http fetch GET 200 https://registry.npmjs.org/@vitest%2fsnapshot 210ms (cache miss)
181 silly packumentCache full:https://registry.npmjs.org/@vitest%2fsnapshot set size:undefined disposed:false
182 http fetch GET 200 https://registry.npmjs.org/vite 705ms (cache miss)
183 silly packumentCache full:https://registry.npmjs.org/vite set size:undefined disposed:false
184 silly placeDep ROOT undici-types@6.21.0 OK for: @types/node@22.19.13 want: ~6.21.0
185 silly placeDep ROOT lodash@4.17.23 OK for: benchmark@2.1.4 want: ^4.17.4
186 silly placeDep ROOT platform@1.3.6 OK for: benchmark@2.1.4 want: ^1.3.3
187 silly placeDep ROOT esbuild@0.27.3 OK for: tsx@4.21.0 want: ~0.27.0
188 silly placeDep ROOT fsevents@2.3.3 OK for: tsx@4.21.0 want: ~2.3.3
189 silly placeDep ROOT get-tsconfig@4.13.6 OK for: tsx@4.21.0 want: ^4.7.5
190 silly fetch manifest @esbuild/aix-ppc64@0.27.3
191 silly packumentCache full:https://registry.npmjs.org/@esbuild%2faix-ppc64 cache-miss
192 silly fetch manifest @esbuild/android-arm@0.27.3
193 silly packumentCache full:https://registry.npmjs.org/@esbuild%2fandroid-arm cache-miss
194 silly fetch manifest @esbuild/android-arm64@0.27.3
195 silly packumentCache full:https://registry.npmjs.org/@esbuild%2fandroid-arm64 cache-miss
196 silly fetch manifest @esbuild/android-x64@0.27.3
197 silly packumentCache full:https://registry.npmjs.org/@esbuild%2fandroid-x64 cache-miss
198 silly fetch manifest @esbuild/darwin-arm64@0.27.3
199 silly packumentCache full:https://registry.npmjs.org/@esbuild%2fdarwin-arm64 cache-miss
200 silly fetch manifest @esbuild/darwin-x64@0.27.3
201 silly packumentCache full:https://registry.npmjs.org/@esbuild%2fdarwin-x64 cache-miss
202 silly fetch manifest @esbuild/freebsd-arm64@0.27.3
203 silly packumentCache full:https://registry.npmjs.org/@esbuild%2ffreebsd-arm64 cache-miss
204 silly fetch manifest @esbuild/freebsd-x64@0.27.3
205 silly packumentCache full:https://registry.npmjs.org/@esbuild%2ffreebsd-x64 cache-miss
206 silly fetch manifest @esbuild/linux-arm@0.27.3
207 silly packumentCache full:https://registry.npmjs.org/@esbuild%2flinux-arm cache-miss
208 silly fetch manifest @esbuild/linux-arm64@0.27.3
209 silly packumentCache full:https://registry.npmjs.org/@esbuild%2flinux-arm64 cache-miss
210 silly fetch manifest @esbuild/linux-ia32@0.27.3
211 silly packumentCache full:https://registry.npmjs.org/@esbuild%2flinux-ia32 cache-miss
212 silly fetch manifest @esbuild/linux-loong64@0.27.3
213 silly packumentCache full:https://registry.npmjs.org/@esbuild%2flinux-loong64 cache-miss
214 silly fetch manifest @esbuild/linux-mips64el@0.27.3
215 silly packumentCache full:https://registry.npmjs.org/@esbuild%2flinux-mips64el cache-miss
216 silly fetch manifest @esbuild/linux-ppc64@0.27.3
217 silly packumentCache full:https://registry.npmjs.org/@esbuild%2flinux-ppc64 cache-miss
218 silly fetch manifest @esbuild/linux-riscv64@0.27.3
219 silly packumentCache full:https://registry.npmjs.org/@esbuild%2flinux-riscv64 cache-miss
220 http fetch GET 200 https://registry.npmjs.org/@esbuild%2fdarwin-arm64 47ms (cache miss)
221 silly packumentCache full:https://registry.npmjs.org/@esbuild%2fdarwin-arm64 set size:undefined disposed:false
222 silly fetch manifest @esbuild/linux-s390x@0.27.3
223 silly packumentCache full:https://registry.npmjs.org/@esbuild%2flinux-s390x cache-miss
224 http fetch GET 200 https://registry.npmjs.org/@esbuild%2fandroid-arm64 67ms (cache miss)
225 silly packumentCache full:https://registry.npmjs.org/@esbuild%2fandroid-arm64 set size:undefined disposed:false
226 silly fetch manifest @esbuild/linux-x64@0.27.3
227 silly packumentCache full:https://registry.npmjs.org/@esbuild%2flinux-x64 cache-miss
228 http fetch GET 200 https://registry.npmjs.org/@esbuild%2fandroid-x64 73ms (cache miss)
229 silly packumentCache full:https://registry.npmjs.org/@esbuild%2fandroid-x64 set size:undefined disposed:false
230 silly fetch manifest @esbuild/netbsd-arm64@0.27.3
231 silly packumentCache full:https://registry.npmjs.org/@esbuild%2fnetbsd-arm64 cache-miss
232 http fetch GET 200 https://registry.npmjs.org/@esbuild%2ffreebsd-x64 75ms (cache miss)
233 silly packumentCache full:https://registry.npmjs.org/@esbuild%2ffreebsd-x64 set size:undefined disposed:false
234 silly fetch manifest @esbuild/netbsd-x64@0.27.3
235 silly packumentCache full:https://registry.npmjs.org/@esbuild%2fnetbsd-x64 cache-miss
236 http fetch GET 200 https://registry.npmjs.org/@esbuild%2flinux-loong64 76ms (cache miss)
237 silly packumentCache full:https://registry.npmjs.org/@esbuild%2flinux-loong64 set size:undefined disposed:false
238 silly fetch manifest @esbuild/openbsd-arm64@0.27.3
239 silly packumentCache full:https://registry.npmjs.org/@esbuild%2fopenbsd-arm64 cache-miss
240 http fetch GET 200 https://registry.npmjs.org/@esbuild%2flinux-riscv64 81ms (cache miss)
241 silly packumentCache full:https://registry.npmjs.org/@esbuild%2flinux-riscv64 set size:undefined disposed:false
242 silly fetch manifest @esbuild/openbsd-x64@0.27.3
243 silly packumentCache full:https://registry.npmjs.org/@esbuild%2fopenbsd-x64 cache-miss
244 http fetch GET 200 https://registry.npmjs.org/@esbuild%2fdarwin-x64 87ms (cache miss)
245 silly packumentCache full:https://registry.npmjs.org/@esbuild%2fdarwin-x64 set size:undefined disposed:false
246 silly fetch manifest @esbuild/openharmony-arm64@0.27.3
247 silly packumentCache full:https://registry.npmjs.org/@esbuild%2fopenharmony-arm64 cache-miss
248 http fetch GET 200 https://registry.npmjs.org/@esbuild%2flinux-arm64 91ms (cache miss)
249 silly packumentCache full:https://registry.npmjs.org/@esbuild%2flinux-arm64 set size:undefined disposed:false
250 silly fetch manifest @esbuild/sunos-x64@0.27.3
251 silly packumentCache full:https://registry.npmjs.org/@esbuild%2fsunos-x64 cache-miss
252 http fetch GET 200 https://registry.npmjs.org/@esbuild%2ffreebsd-arm64 94ms (cache miss)
253 silly packumentCache full:https://registry.npmjs.org/@esbuild%2ffreebsd-arm64 set size:undefined disposed:false
254 silly fetch manifest @esbuild/win32-arm64@0.27.3
255 silly packumentCache full:https://registry.npmjs.org/@esbuild%2fwin32-arm64 cache-miss
256 http fetch GET 200 https://registry.npmjs.org/@esbuild%2faix-ppc64 97ms (cache miss)
257 silly packumentCache full:https://registry.npmjs.org/@esbuild%2faix-ppc64 set size:undefined disposed:false
258 silly fetch manifest @esbuild/win32-ia32@0.27.3
259 silly packumentCache full:https://registry.npmjs.org/@esbuild%2fwin32-ia32 cache-miss
260 http fetch GET 200 https://registry.npmjs.org/@esbuild%2flinux-mips64el 98ms (cache miss)
261 silly packumentCache full:https://registry.npmjs.org/@esbuild%2flinux-mips64el set size:undefined disposed:false
262 silly fetch manifest @esbuild/win32-x64@0.27.3
263 silly packumentCache full:https://registry.npmjs.org/@esbuild%2fwin32-x64 cache-miss
264 http fetch GET 200 https://registry.npmjs.org/@esbuild%2flinux-ia32 101ms (cache miss)
265 silly packumentCache full:https://registry.npmjs.org/@esbuild%2flinux-ia32 set size:undefined disposed:false
266 silly fetch manifest resolve-pkg-maps@^1.0.0
267 silly packumentCache full:https://registry.npmjs.org/resolve-pkg-maps cache-miss
268 http fetch GET 200 https://registry.npmjs.org/@esbuild%2flinux-arm 106ms (cache miss)
269 silly packumentCache full:https://registry.npmjs.org/@esbuild%2flinux-arm set size:undefined disposed:false
270 http fetch GET 200 https://registry.npmjs.org/@esbuild%2fandroid-arm 108ms (cache miss)
271 silly packumentCache full:https://registry.npmjs.org/@esbuild%2fandroid-arm set size:undefined disposed:false
272 http fetch GET 200 https://registry.npmjs.org/@esbuild%2flinux-ppc64 107ms (cache miss)
273 silly packumentCache full:https://registry.npmjs.org/@esbuild%2flinux-ppc64 set size:undefined disposed:false
274 http fetch GET 200 https://registry.npmjs.org/@esbuild%2flinux-s390x 63ms (cache miss)
275 silly packumentCache full:https://registry.npmjs.org/@esbuild%2flinux-s390x set size:undefined disposed:false
276 http fetch GET 200 https://registry.npmjs.org/@esbuild%2flinux-x64 53ms (cache miss)
277 silly packumentCache full:https://registry.npmjs.org/@esbuild%2flinux-x64 set size:undefined disposed:false
278 http fetch GET 200 https://registry.npmjs.org/@esbuild%2fnetbsd-arm64 58ms (cache miss)
279 silly packumentCache full:https://registry.npmjs.org/@esbuild%2fnetbsd-arm64 set size:undefined disposed:false
280 http fetch GET 200 https://registry.npmjs.org/@esbuild%2fnetbsd-x64 55ms (cache miss)
281 silly packumentCache full:https://registry.npmjs.org/@esbuild%2fnetbsd-x64 set size:undefined disposed:false
282 http fetch GET 200 https://registry.npmjs.org/@esbuild%2fopenbsd-x64 54ms (cache miss)
283 silly packumentCache full:https://registry.npmjs.org/@esbuild%2fopenbsd-x64 set size:undefined disposed:false
284 http fetch GET 200 https://registry.npmjs.org/@esbuild%2fopenbsd-arm64 60ms (cache miss)
285 silly packumentCache full:https://registry.npmjs.org/@esbuild%2fopenbsd-arm64 set size:undefined disposed:false
286 http fetch GET 200 https://registry.npmjs.org/@esbuild%2fsunos-x64 51ms (cache miss)
287 silly packumentCache full:https://registry.npmjs.org/@esbuild%2fsunos-x64 set size:undefined disposed:false
288 http fetch GET 200 https://registry.npmjs.org/@esbuild%2fwin32-arm64 51ms (cache miss)
289 silly packumentCache full:https://registry.npmjs.org/@esbuild%2fwin32-arm64 set size:undefined disposed:false
290 http fetch GET 200 https://registry.npmjs.org/resolve-pkg-maps 44ms (cache miss)
291 silly packumentCache full:https://registry.npmjs.org/resolve-pkg-maps set size:undefined disposed:false
292 http fetch GET 200 https://registry.npmjs.org/@esbuild%2fwin32-x64 63ms (cache miss)
293 silly packumentCache full:https://registry.npmjs.org/@esbuild%2fwin32-x64 set size:undefined disposed:false
294 http fetch GET 200 https://registry.npmjs.org/@esbuild%2fwin32-ia32 68ms (cache miss)
295 silly packumentCache full:https://registry.npmjs.org/@esbuild%2fwin32-ia32 set size:undefined disposed:false
296 http fetch GET 200 https://registry.npmjs.org/@esbuild%2fopenharmony-arm64 79ms (cache miss)
297 silly packumentCache full:https://registry.npmjs.org/@esbuild%2fopenharmony-arm64 set size:undefined disposed:false
298 silly placeDep ROOT @esbuild/aix-ppc64@0.27.3 OK for: esbuild@0.27.3 want: 0.27.3
299 silly placeDep ROOT @esbuild/android-arm@0.27.3 OK for: esbuild@0.27.3 want: 0.27.3
300 silly placeDep ROOT @esbuild/android-arm64@0.27.3 OK for: esbuild@0.27.3 want: 0.27.3
301 silly placeDep ROOT @esbuild/android-x64@0.27.3 OK for: esbuild@0.27.3 want: 0.27.3
302 silly placeDep ROOT @esbuild/darwin-arm64@0.27.3 OK for: esbuild@0.27.3 want: 0.27.3
303 silly placeDep ROOT @esbuild/darwin-x64@0.27.3 OK for: esbuild@0.27.3 want: 0.27.3
304 silly placeDep ROOT @esbuild/freebsd-arm64@0.27.3 OK for: esbuild@0.27.3 want: 0.27.3
305 silly placeDep ROOT @esbuild/freebsd-x64@0.27.3 OK for: esbuild@0.27.3 want: 0.27.3
306 silly placeDep ROOT @esbuild/linux-arm@0.27.3 OK for: esbuild@0.27.3 want: 0.27.3
307 silly placeDep ROOT @esbuild/linux-arm64@0.27.3 OK for: esbuild@0.27.3 want: 0.27.3
308 silly placeDep ROOT @esbuild/linux-ia32@0.27.3 OK for: esbuild@0.27.3 want: 0.27.3
309 silly placeDep ROOT @esbuild/linux-loong64@0.27.3 OK for: esbuild@0.27.3 want: 0.27.3
310 silly placeDep ROOT @esbuild/linux-mips64el@0.27.3 OK for: esbuild@0.27.3 want: 0.27.3
311 silly placeDep ROOT @esbuild/linux-ppc64@0.27.3 OK for: esbuild@0.27.3 want: 0.27.3
312 silly placeDep ROOT @esbuild/linux-riscv64@0.27.3 OK for: esbuild@0.27.3 want: 0.27.3
313 silly placeDep ROOT @esbuild/linux-s390x@0.27.3 OK for: esbuild@0.27.3 want: 0.27.3
314 silly placeDep ROOT @esbuild/linux-x64@0.27.3 OK for: esbuild@0.27.3 want: 0.27.3
315 silly placeDep ROOT @esbuild/netbsd-arm64@0.27.3 OK for: esbuild@0.27.3 want: 0.27.3
316 silly placeDep ROOT @esbuild/netbsd-x64@0.27.3 OK for: esbuild@0.27.3 want: 0.27.3
317 silly placeDep ROOT @esbuild/openbsd-arm64@0.27.3 OK for: esbuild@0.27.3 want: 0.27.3
318 silly placeDep ROOT @esbuild/openbsd-x64@0.27.3 OK for: esbuild@0.27.3 want: 0.27.3
319 silly placeDep ROOT @esbuild/openharmony-arm64@0.27.3 OK for: esbuild@0.27.3 want: 0.27.3
320 silly placeDep ROOT @esbuild/sunos-x64@0.27.3 OK for: esbuild@0.27.3 want: 0.27.3
321 silly placeDep ROOT @esbuild/win32-arm64@0.27.3 OK for: esbuild@0.27.3 want: 0.27.3
322 silly placeDep ROOT @esbuild/win32-ia32@0.27.3 OK for: esbuild@0.27.3 want: 0.27.3
323 silly placeDep ROOT @esbuild/win32-x64@0.27.3 OK for: esbuild@0.27.3 want: 0.27.3
324 silly placeDep ROOT resolve-pkg-maps@1.0.0 OK for: get-tsconfig@4.13.6 want: ^1.0.0
325 silly fetch manifest @types/node@^18.0.0 || >=20.0.0
326 silly packumentCache full:https://registry.npmjs.org/@types%2fnode cache-miss
327 http cache https://registry.npmjs.org/@types%2fnode 19ms (cache hit)
328 silly packumentCache full:https://registry.npmjs.org/@types%2fnode set size:10896584 disposed:false
329 silly fetch manifest less@*
330 silly packumentCache full:https://registry.npmjs.org/less cache-miss
331 http fetch GET 200 https://registry.npmjs.org/less 38ms (cache miss)
332 silly packumentCache full:https://registry.npmjs.org/less set size:undefined disposed:false
333 silly fetch manifest lightningcss@^1.21.0
334 silly packumentCache full:https://registry.npmjs.org/lightningcss cache-miss
335 http fetch GET 200 https://registry.npmjs.org/lightningcss 39ms (cache miss)
336 silly packumentCache full:https://registry.npmjs.org/lightningcss set size:undefined disposed:false
337 silly fetch manifest sass@*
338 silly packumentCache full:https://registry.npmjs.org/sass cache-miss
339 http fetch GET 200 https://registry.npmjs.org/sass 63ms (cache miss)
340 silly packumentCache full:https://registry.npmjs.org/sass set size:undefined disposed:false
341 silly fetch manifest sass-embedded@*
342 silly packumentCache full:https://registry.npmjs.org/sass-embedded cache-miss
343 http fetch GET 200 https://registry.npmjs.org/sass-embedded 49ms (cache miss)
344 silly packumentCache full:https://registry.npmjs.org/sass-embedded set size:undefined disposed:false
345 silly fetch manifest stylus@*
346 silly packumentCache full:https://registry.npmjs.org/stylus cache-miss
347 http fetch GET 200 https://registry.npmjs.org/stylus 34ms (cache miss)
348 silly packumentCache full:https://registry.npmjs.org/stylus set size:undefined disposed:false
349 silly fetch manifest sugarss@*
350 silly packumentCache full:https://registry.npmjs.org/sugarss cache-miss
351 http fetch GET 200 https://registry.npmjs.org/sugarss 32ms (cache miss)
352 silly packumentCache full:https://registry.npmjs.org/sugarss set size:undefined disposed:false
353 silly fetch manifest postcss@^8.3.3
354 silly packumentCache full:https://registry.npmjs.org/postcss cache-miss
355 http fetch GET 200 https://registry.npmjs.org/postcss 74ms (cache miss)
356 silly packumentCache full:https://registry.npmjs.org/postcss set size:undefined disposed:false
357 silly fetch manifest terser@^5.4.0
358 silly packumentCache full:https://registry.npmjs.org/terser cache-miss
359 http fetch GET 200 https://registry.npmjs.org/terser 50ms (cache miss)
360 silly packumentCache full:https://registry.npmjs.org/terser set size:undefined disposed:false
361 silly fetch manifest msw@^2.4.9
362 silly packumentCache full:https://registry.npmjs.org/msw cache-miss
363 http fetch GET 200 https://registry.npmjs.org/msw 73ms (cache miss)
364 silly packumentCache full:https://registry.npmjs.org/msw set size:undefined disposed:false
365 silly fetch manifest typescript@>= 4.8.x
366 silly packumentCache full:https://registry.npmjs.org/typescript cache-miss
367 http cache https://registry.npmjs.org/typescript 21ms (cache hit)
368 silly packumentCache full:https://registry.npmjs.org/typescript set size:15298955 disposed:false
369 silly placeDep ROOT @vitest/expect@2.1.9 OK for: vitest@2.1.9 want: 2.1.9
370 silly placeDep ROOT @vitest/mocker@2.1.9 OK for: vitest@2.1.9 want: 2.1.9
371 silly placeDep ROOT @vitest/pretty-format@2.1.9 OK for: vitest@2.1.9 want: ^2.1.9
372 silly placeDep ROOT @vitest/runner@2.1.9 OK for: vitest@2.1.9 want: 2.1.9
373 silly placeDep ROOT @vitest/snapshot@2.1.9 OK for: vitest@2.1.9 want: 2.1.9
374 silly placeDep ROOT @vitest/spy@2.1.9 OK for: vitest@2.1.9 want: 2.1.9
375 silly placeDep ROOT @vitest/utils@2.1.9 OK for: vitest@2.1.9 want: 2.1.9
376 silly placeDep ROOT chai@5.3.3 OK for: vitest@2.1.9 want: ^5.1.2
377 silly placeDep ROOT debug@4.4.3 OK for: vitest@2.1.9 want: ^4.3.7
378 silly placeDep ROOT expect-type@1.3.0 OK for: vitest@2.1.9 want: ^1.1.0
379 silly placeDep ROOT magic-string@0.30.21 OK for: vitest@2.1.9 want: ^0.30.12
380 silly placeDep ROOT pathe@1.1.2 OK for: vitest@2.1.9 want: ^1.1.2
381 silly placeDep ROOT std-env@3.10.0 OK for: vitest@2.1.9 want: ^3.8.0
382 silly placeDep ROOT tinybench@2.9.0 OK for: vitest@2.1.9 want: ^2.9.0
383 silly placeDep ROOT tinyexec@0.3.2 OK for: vitest@2.1.9 want: ^0.3.1
384 silly placeDep ROOT tinypool@1.1.1 OK for: vitest@2.1.9 want: ^1.0.1
385 silly placeDep ROOT tinyrainbow@1.2.0 OK for: vitest@2.1.9 want: ^1.2.0
386 silly placeDep ROOT vite@5.4.21 OK for: vitest@2.1.9 want: ^5.0.0
387 silly placeDep ROOT vite-node@2.1.9 OK for: vitest@2.1.9 want: 2.1.9
388 silly placeDep ROOT why-is-node-running@2.3.0 OK for: vitest@2.1.9 want: ^2.3.0
389 silly fetch manifest estree-walker@^3.0.3
390 silly packumentCache full:https://registry.npmjs.org/estree-walker cache-miss
391 silly fetch manifest tinyspy@^3.0.2
392 silly packumentCache full:https://registry.npmjs.org/tinyspy cache-miss
393 silly fetch manifest loupe@^3.1.2
394 silly packumentCache full:https://registry.npmjs.org/loupe cache-miss
395 silly fetch manifest loupe@^3.1.0
396 silly packumentCache full:https://registry.npmjs.org/loupe cache-miss
397 silly fetch manifest pathval@^2.0.0
398 silly packumentCache full:https://registry.npmjs.org/pathval cache-miss
399 silly fetch manifest deep-eql@^5.0.1
400 silly packumentCache full:https://registry.npmjs.org/deep-eql cache-miss
401 silly fetch manifest check-error@^2.1.1
402 silly packumentCache full:https://registry.npmjs.org/check-error cache-miss
403 silly fetch manifest assertion-error@^2.0.1
404 silly packumentCache full:https://registry.npmjs.org/assertion-error cache-miss
405 silly fetch manifest ms@^2.1.3
406 silly packumentCache full:https://registry.npmjs.org/ms cache-miss
407 silly fetch manifest @jridgewell/sourcemap-codec@^1.5.5
408 silly packumentCache full:https://registry.npmjs.org/@jridgewell%2fsourcemap-codec cache-miss
409 silly fetch manifest rollup@^4.20.0
410 silly packumentCache full:https://registry.npmjs.org/rollup cache-miss
411 silly fetch manifest esbuild@^0.21.3
412 silly packumentCache full:https://registry.npmjs.org/esbuild cache-miss
413 silly fetch manifest postcss@^8.4.43
414 silly packumentCache full:https://registry.npmjs.org/postcss cache-miss
415 silly fetch manifest cac@^6.7.14
416 silly packumentCache full:https://registry.npmjs.org/cac cache-miss
417 silly fetch manifest es-module-lexer@^1.5.4
418 silly packumentCache full:https://registry.npmjs.org/es-module-lexer cache-miss
419 http cache https://registry.npmjs.org/postcss 15ms (cache hit)
420 silly packumentCache full:https://registry.npmjs.org/postcss set size:696248 disposed:false
421 silly fetch manifest siginfo@^2.0.0
422 silly packumentCache full:https://registry.npmjs.org/siginfo cache-miss
423 http cache https://registry.npmjs.org/esbuild 22ms (cache hit)
424 silly packumentCache full:https://registry.npmjs.org/esbuild set size:1242223 disposed:false
425 silly fetch manifest stackback@0.0.2
426 silly packumentCache full:https://registry.npmjs.org/stackback cache-miss
427 http fetch GET 200 https://registry.npmjs.org/pathval 42ms (cache miss)
428 silly packumentCache full:https://registry.npmjs.org/pathval set size:undefined disposed:false
429 http fetch GET 200 https://registry.npmjs.org/tinyspy 48ms (cache miss)
430 silly packumentCache full:https://registry.npmjs.org/tinyspy set size:undefined disposed:false
431 http fetch GET 200 https://registry.npmjs.org/deep-eql 50ms (cache miss)
432 silly packumentCache full:https://registry.npmjs.org/deep-eql set size:undefined disposed:false
433 http fetch GET 200 https://registry.npmjs.org/assertion-error 52ms (cache miss)
434 silly packumentCache full:https://registry.npmjs.org/assertion-error set size:undefined disposed:false
435 http fetch GET 200 https://registry.npmjs.org/check-error 55ms (cache miss)
436 silly packumentCache full:https://registry.npmjs.org/check-error set size:undefined disposed:false
437 http fetch GET 200 https://registry.npmjs.org/es-module-lexer 60ms (cache miss)
438 silly packumentCache full:https://registry.npmjs.org/es-module-lexer set size:undefined disposed:false
439 http fetch GET 200 https://registry.npmjs.org/estree-walker 67ms (cache miss)
440 silly packumentCache full:https://registry.npmjs.org/estree-walker set size:undefined disposed:false
441 http fetch GET 200 https://registry.npmjs.org/stackback 41ms (cache miss)
442 silly packumentCache full:https://registry.npmjs.org/stackback set size:undefined disposed:false
443 http fetch GET 200 https://registry.npmjs.org/ms 70ms (cache miss)
444 silly packumentCache full:https://registry.npmjs.org/ms set size:undefined disposed:false
445 http fetch GET 200 https://registry.npmjs.org/@jridgewell%2fsourcemap-codec 74ms (cache miss)
446 silly packumentCache full:https://registry.npmjs.org/@jridgewell%2fsourcemap-codec set size:undefined disposed:false
447 http fetch GET 200 https://registry.npmjs.org/cac 75ms (cache miss)
448 silly packumentCache full:https://registry.npmjs.org/cac set size:undefined disposed:false
449 http fetch GET 200 https://registry.npmjs.org/rollup 99ms (cache miss)
450 silly packumentCache full:https://registry.npmjs.org/rollup set size:undefined disposed:false
451 http fetch GET 200 https://registry.npmjs.org/siginfo 110ms (cache miss)
452 silly packumentCache full:https://registry.npmjs.org/siginfo set size:undefined disposed:false
453 http fetch GET 200 https://registry.npmjs.org/loupe 133ms (cache miss)
454 silly packumentCache full:https://registry.npmjs.org/loupe set size:undefined disposed:false
455 http fetch GET 200 https://registry.npmjs.org/loupe 134ms (cache miss)
456 silly packumentCache full:https://registry.npmjs.org/loupe set size:undefined disposed:false
457 silly placeDep ROOT estree-walker@3.0.3 OK for: @vitest/mocker@2.1.9 want: ^3.0.3
458 silly fetch manifest @types/estree@^1.0.0
459 silly packumentCache full:https://registry.npmjs.org/@types%2festree cache-miss
460 http fetch GET 200 https://registry.npmjs.org/@types%2festree 38ms (cache miss)
461 silly packumentCache full:https://registry.npmjs.org/@types%2festree set size:undefined disposed:false
462 silly placeDep ROOT tinyspy@3.0.2 OK for: @vitest/spy@2.1.9 want: ^3.0.2
463 silly placeDep ROOT loupe@3.2.1 OK for: @vitest/utils@2.1.9 want: ^3.1.2
464 silly placeDep ROOT assertion-error@2.0.1 OK for: chai@5.3.3 want: ^2.0.1
465 silly placeDep ROOT check-error@2.1.3 OK for: chai@5.3.3 want: ^2.1.1
466 silly placeDep ROOT deep-eql@5.0.2 OK for: chai@5.3.3 want: ^5.0.1
467 silly placeDep ROOT pathval@2.0.1 OK for: chai@5.3.3 want: ^2.0.0
468 silly placeDep ROOT ms@2.1.3 OK for: debug@4.4.3 want: ^2.1.3
469 silly placeDep ROOT @types/estree@1.0.8 OK for: estree-walker@3.0.3 want: ^1.0.0
470 silly placeDep ROOT @jridgewell/sourcemap-codec@1.5.5 OK for: magic-string@0.30.21 want: ^1.5.5
471 silly placeDep node_modules/vite esbuild@0.21.5 OK for: vite@5.4.21 want: ^0.21.3
472 silly placeDep ROOT postcss@8.5.6 OK for: vite@5.4.21 want: ^8.4.43
473 silly placeDep ROOT rollup@4.59.0 OK for: vite@5.4.21 want: ^4.20.0
474 silly fetch manifest @esbuild/aix-ppc64@0.21.5
475 silly packumentCache full:https://registry.npmjs.org/@esbuild%2faix-ppc64 cache-miss
476 silly fetch manifest @esbuild/linux-arm@0.21.5
477 silly packumentCache full:https://registry.npmjs.org/@esbuild%2flinux-arm cache-miss
478 silly fetch manifest @esbuild/linux-x64@0.21.5
479 silly packumentCache full:https://registry.npmjs.org/@esbuild%2flinux-x64 cache-miss
480 silly fetch manifest @esbuild/sunos-x64@0.21.5
481 silly packumentCache full:https://registry.npmjs.org/@esbuild%2fsunos-x64 cache-miss
482 silly fetch manifest @esbuild/win32-x64@0.21.5
483 silly packumentCache full:https://registry.npmjs.org/@esbuild%2fwin32-x64 cache-miss
484 silly fetch manifest @esbuild/darwin-x64@0.21.5
485 silly packumentCache full:https://registry.npmjs.org/@esbuild%2fdarwin-x64 cache-miss
486 silly fetch manifest @esbuild/linux-ia32@0.21.5
487 silly packumentCache full:https://registry.npmjs.org/@esbuild%2flinux-ia32 cache-miss
488 silly fetch manifest @esbuild/netbsd-x64@0.21.5
489 silly packumentCache full:https://registry.npmjs.org/@esbuild%2fnetbsd-x64 cache-miss
490 silly fetch manifest @esbuild/win32-ia32@0.21.5
491 silly packumentCache full:https://registry.npmjs.org/@esbuild%2fwin32-ia32 cache-miss
492 silly fetch manifest @esbuild/android-arm@0.21.5
493 silly packumentCache full:https://registry.npmjs.org/@esbuild%2fandroid-arm cache-miss
494 silly fetch manifest @esbuild/android-x64@0.21.5
495 silly packumentCache full:https://registry.npmjs.org/@esbuild%2fandroid-x64 cache-miss
496 silly fetch manifest @esbuild/freebsd-x64@0.21.5
497 silly packumentCache full:https://registry.npmjs.org/@esbuild%2ffreebsd-x64 cache-miss
498 silly fetch manifest @esbuild/linux-arm64@0.21.5
499 silly packumentCache full:https://registry.npmjs.org/@esbuild%2flinux-arm64 cache-miss
500 silly fetch manifest @esbuild/linux-ppc64@0.21.5
501 silly packumentCache full:https://registry.npmjs.org/@esbuild%2flinux-ppc64 cache-miss
502 silly fetch manifest @esbuild/linux-s390x@0.21.5
503 silly packumentCache full:https://registry.npmjs.org/@esbuild%2flinux-s390x cache-miss
504 http cache https://registry.npmjs.org/@esbuild%2flinux-x64 17ms (cache hit)
505 silly packumentCache full:https://registry.npmjs.org/@esbuild%2flinux-x64 set size:187244 disposed:false
506 silly fetch manifest @esbuild/openbsd-x64@0.21.5
507 silly packumentCache full:https://registry.npmjs.org/@esbuild%2fopenbsd-x64 cache-miss
508 http cache https://registry.npmjs.org/@esbuild%2faix-ppc64 19ms (cache hit)
509 silly packumentCache full:https://registry.npmjs.org/@esbuild%2faix-ppc64 set size:56029 disposed:false
510 silly fetch manifest @esbuild/win32-arm64@0.21.5
511 silly packumentCache full:https://registry.npmjs.org/@esbuild%2fwin32-arm64 cache-miss
512 http cache https://registry.npmjs.org/@esbuild%2fsunos-x64 19ms (cache hit)
513 silly packumentCache full:https://registry.npmjs.org/@esbuild%2fsunos-x64 set size:187474 disposed:false
514 silly fetch manifest @esbuild/darwin-arm64@0.21.5
515 silly packumentCache full:https://registry.npmjs.org/@esbuild%2fdarwin-arm64 cache-miss
516 http cache https://registry.npmjs.org/@esbuild%2fdarwin-x64 20ms (cache hit)
517 silly packumentCache full:https://registry.npmjs.org/@esbuild%2fdarwin-x64 set size:187924 disposed:false
518 silly fetch manifest @esbuild/android-arm64@0.21.5
519 silly packumentCache full:https://registry.npmjs.org/@esbuild%2fandroid-arm64 cache-miss
520 http cache https://registry.npmjs.org/@esbuild%2fwin32-x64 22ms (cache hit)
521 silly packumentCache full:https://registry.npmjs.org/@esbuild%2fwin32-x64 set size:187476 disposed:false
522 silly fetch manifest @esbuild/freebsd-arm64@0.21.5
523 silly packumentCache full:https://registry.npmjs.org/@esbuild%2ffreebsd-arm64 cache-miss
524 http cache https://registry.npmjs.org/@esbuild%2flinux-ia32 23ms (cache hit)
525 silly packumentCache full:https://registry.npmjs.org/@esbuild%2flinux-ia32 set size:187877 disposed:false
526 silly fetch manifest @esbuild/linux-loong64@0.21.5
527 silly packumentCache full:https://registry.npmjs.org/@esbuild%2flinux-loong64 cache-miss
528 http cache https://registry.npmjs.org/@esbuild%2flinux-arm 26ms (cache hit)
529 silly packumentCache full:https://registry.npmjs.org/@esbuild%2flinux-arm set size:186917 disposed:false
530 silly fetch manifest @esbuild/linux-riscv64@0.21.5
531 silly packumentCache full:https://registry.npmjs.org/@esbuild%2flinux-riscv64 cache-miss
532 http cache https://registry.npmjs.org/@esbuild%2flinux-ppc64 25ms (cache hit)
533 silly packumentCache full:https://registry.npmjs.org/@esbuild%2flinux-ppc64 set size:190895 disposed:false
534 silly fetch manifest @esbuild/linux-mips64el@0.21.5
535 silly packumentCache full:https://registry.npmjs.org/@esbuild%2flinux-mips64el cache-miss
536 http cache https://registry.npmjs.org/@esbuild%2fwin32-ia32 28ms (cache hit)
537 silly packumentCache full:https://registry.npmjs.org/@esbuild%2fwin32-ia32 set size:188094 disposed:false
538 silly fetch manifest nanoid@^3.3.11
539 silly packumentCache full:https://registry.npmjs.org/nanoid cache-miss
540 http cache https://registry.npmjs.org/@esbuild%2fandroid-arm 28ms (cache hit)
541 silly packumentCache full:https://registry.npmjs.org/@esbuild%2fandroid-arm set size:213504 disposed:false
542 silly fetch manifest picocolors@^1.1.1
543 silly packumentCache full:https://registry.npmjs.org/picocolors cache-miss
544 http cache https://registry.npmjs.org/@esbuild%2fandroid-x64 30ms (cache hit)
545 silly packumentCache full:https://registry.npmjs.org/@esbuild%2fandroid-x64 set size:187307 disposed:false
546 silly fetch manifest source-map-js@^1.2.1
547 silly packumentCache full:https://registry.npmjs.org/source-map-js cache-miss
548 http cache https://registry.npmjs.org/@esbuild%2fnetbsd-x64 32ms (cache hit)
549 silly packumentCache full:https://registry.npmjs.org/@esbuild%2fnetbsd-x64 set size:185730 disposed:false
550 silly fetch manifest @rollup/rollup-darwin-arm64@4.59.0
551 silly packumentCache full:https://registry.npmjs.org/@rollup%2frollup-darwin-arm64 cache-miss
552 http cache https://registry.npmjs.org/@esbuild%2flinux-s390x 32ms (cache hit)
553 silly packumentCache full:https://registry.npmjs.org/@esbuild%2flinux-s390x set size:190391 disposed:false
554 silly fetch manifest @rollup/rollup-android-arm64@4.59.0
555 silly packumentCache full:https://registry.npmjs.org/@rollup%2frollup-android-arm64 cache-miss
556 http cache https://registry.npmjs.org/@esbuild%2ffreebsd-x64 34ms (cache hit)
557 silly packumentCache full:https://registry.npmjs.org/@esbuild%2ffreebsd-x64 set size:188756 disposed:false
558 silly fetch manifest @rollup/rollup-win32-arm64-msvc@4.59.0
559 silly packumentCache full:https://registry.npmjs.org/@rollup%2frollup-win32-arm64-msvc cache-miss
560 http cache https://registry.npmjs.org/@esbuild%2flinux-arm64 37ms (cache hit)
561 silly packumentCache full:https://registry.npmjs.org/@esbuild%2flinux-arm64 set size:188948 disposed:false
562 silly fetch manifest @rollup/rollup-freebsd-arm64@4.59.0
563 silly packumentCache full:https://registry.npmjs.org/@rollup%2frollup-freebsd-arm64 cache-miss
564 http cache https://registry.npmjs.org/@esbuild%2fopenbsd-x64 29ms (cache hit)
565 silly packumentCache full:https://registry.npmjs.org/@esbuild%2fopenbsd-x64 set size:188762 disposed:false
566 silly fetch manifest @rollup/rollup-linux-arm64-gnu@4.59.0
567 silly packumentCache full:https://registry.npmjs.org/@rollup%2frollup-linux-arm64-gnu cache-miss
568 http cache https://registry.npmjs.org/@esbuild%2flinux-riscv64 22ms (cache hit)
569 silly packumentCache full:https://registry.npmjs.org/@esbuild%2flinux-riscv64 set size:190569 disposed:false
570 silly fetch manifest @rollup/rollup-linux-arm64-musl@4.59.0
571 silly packumentCache full:https://registry.npmjs.org/@rollup%2frollup-linux-arm64-musl cache-miss
572 http cache https://registry.npmjs.org/@esbuild%2fwin32-arm64 30ms (cache hit)
573 silly packumentCache full:https://registry.npmjs.org/@esbuild%2fwin32-arm64 set size:189169 disposed:false
574 silly fetch manifest @rollup/rollup-android-arm-eabi@4.59.0
575 silly packumentCache full:https://registry.npmjs.org/@rollup%2frollup-android-arm-eabi cache-miss
576 http cache https://registry.npmjs.org/@esbuild%2fdarwin-arm64 30ms (cache hit)
577 silly packumentCache full:https://registry.npmjs.org/@esbuild%2fdarwin-arm64 set size:189596 disposed:false
578 silly fetch manifest @rollup/rollup-linux-arm-gnueabihf@4.59.0
579 silly packumentCache full:https://registry.npmjs.org/@rollup%2frollup-linux-arm-gnueabihf cache-miss
580 http cache https://registry.npmjs.org/@esbuild%2fandroid-arm64 31ms (cache hit)
581 silly packumentCache full:https://registry.npmjs.org/@esbuild%2fandroid-arm64 set size:192279 disposed:false
582 silly fetch manifest @rollup/rollup-linux-arm-musleabihf@4.59.0
583 silly packumentCache full:https://registry.npmjs.org/@rollup%2frollup-linux-arm-musleabihf cache-miss
584 http cache https://registry.npmjs.org/@esbuild%2flinux-mips64el 26ms (cache hit)
585 silly packumentCache full:https://registry.npmjs.org/@esbuild%2flinux-mips64el set size:192558 disposed:false
586 silly fetch manifest @rollup/rollup-win32-ia32-msvc@4.59.0
587 silly packumentCache full:https://registry.npmjs.org/@rollup%2frollup-win32-ia32-msvc cache-miss
588 http cache https://registry.npmjs.org/@esbuild%2ffreebsd-arm64 32ms (cache hit)
589 silly packumentCache full:https://registry.npmjs.org/@esbuild%2ffreebsd-arm64 set size:190447 disposed:false
590 silly fetch manifest @rollup/rollup-linux-loong64-gnu@4.59.0
591 silly packumentCache full:https://registry.npmjs.org/@rollup%2frollup-linux-loong64-gnu cache-miss
592 http cache https://registry.npmjs.org/@esbuild%2flinux-loong64 34ms (cache hit)
593 silly packumentCache full:https://registry.npmjs.org/@esbuild%2flinux-loong64 set size:243782 disposed:false
594 silly fetch manifest @rollup/rollup-linux-loong64-musl@4.59.0
595 silly packumentCache full:https://registry.npmjs.org/@rollup%2frollup-linux-loong64-musl cache-miss
596 http fetch GET 200 https://registry.npmjs.org/picocolors 43ms (cache miss)
597 silly packumentCache full:https://registry.npmjs.org/picocolors set size:undefined disposed:false
598 silly fetch manifest @rollup/rollup-linux-riscv64-gnu@4.59.0
599 silly packumentCache full:https://registry.npmjs.org/@rollup%2frollup-linux-riscv64-gnu cache-miss
600 http fetch GET 200 https://registry.npmjs.org/source-map-js 43ms (cache miss)
601 silly packumentCache full:https://registry.npmjs.org/source-map-js set size:undefined disposed:false
602 silly fetch manifest @rollup/rollup-linux-riscv64-musl@4.59.0
603 silly packumentCache full:https://registry.npmjs.org/@rollup%2frollup-linux-riscv64-musl cache-miss
604 http fetch GET 200 https://registry.npmjs.org/nanoid 48ms (cache miss)
605 silly packumentCache full:https://registry.npmjs.org/nanoid set size:undefined disposed:false
606 silly fetch manifest @rollup/rollup-linux-ppc64-gnu@4.59.0
607 silly packumentCache full:https://registry.npmjs.org/@rollup%2frollup-linux-ppc64-gnu cache-miss
608 http fetch GET 200 https://registry.npmjs.org/@rollup%2frollup-android-arm64 55ms (cache miss)
609 silly packumentCache full:https://registry.npmjs.org/@rollup%2frollup-android-arm64 set size:undefined disposed:false
610 silly fetch manifest @rollup/rollup-linux-ppc64-musl@4.59.0
611 silly packumentCache full:https://registry.npmjs.org/@rollup%2frollup-linux-ppc64-musl cache-miss
612 http fetch GET 200 https://registry.npmjs.org/@rollup%2frollup-win32-arm64-msvc 78ms (cache miss)
613 silly packumentCache full:https://registry.npmjs.org/@rollup%2frollup-win32-arm64-msvc set size:undefined disposed:false
614 silly fetch manifest @rollup/rollup-linux-s390x-gnu@4.59.0
615 silly packumentCache full:https://registry.npmjs.org/@rollup%2frollup-linux-s390x-gnu cache-miss
616 http fetch GET 200 https://registry.npmjs.org/@rollup%2frollup-linux-loong64-musl 60ms (cache miss)
617 silly packumentCache full:https://registry.npmjs.org/@rollup%2frollup-linux-loong64-musl set size:undefined disposed:false
618 silly fetch manifest @rollup/rollup-darwin-x64@4.59.0
619 silly packumentCache full:https://registry.npmjs.org/@rollup%2frollup-darwin-x64 cache-miss
620 http fetch GET 200 https://registry.npmjs.org/@rollup%2frollup-linux-loong64-gnu 67ms (cache miss)
621 silly packumentCache full:https://registry.npmjs.org/@rollup%2frollup-linux-loong64-gnu set size:undefined disposed:false
622 silly fetch manifest @rollup/rollup-win32-x64-gnu@4.59.0
623 silly packumentCache full:https://registry.npmjs.org/@rollup%2frollup-win32-x64-gnu cache-miss
624 http fetch GET 200 https://registry.npmjs.org/@rollup%2frollup-freebsd-arm64 85ms (cache miss)
625 silly packumentCache full:https://registry.npmjs.org/@rollup%2frollup-freebsd-arm64 set size:undefined disposed:false
626 silly fetch manifest @rollup/rollup-win32-x64-msvc@4.59.0
627 silly packumentCache full:https://registry.npmjs.org/@rollup%2frollup-win32-x64-msvc cache-miss
628 http fetch GET 200 https://registry.npmjs.org/@rollup%2frollup-linux-arm64-musl 80ms (cache miss)
629 silly packumentCache full:https://registry.npmjs.org/@rollup%2frollup-linux-arm64-musl set size:undefined disposed:false
630 silly fetch manifest @rollup/rollup-freebsd-x64@4.59.0
631 silly packumentCache full:https://registry.npmjs.org/@rollup%2frollup-freebsd-x64 cache-miss
632 http fetch GET 200 https://registry.npmjs.org/@rollup%2frollup-linux-arm-gnueabihf 80ms (cache miss)
633 silly packumentCache full:https://registry.npmjs.org/@rollup%2frollup-linux-arm-gnueabihf set size:undefined disposed:false
634 silly fetch manifest @rollup/rollup-linux-x64-gnu@4.59.0
635 silly packumentCache full:https://registry.npmjs.org/@rollup%2frollup-linux-x64-gnu cache-miss
636 http fetch GET 200 https://registry.npmjs.org/@rollup%2frollup-win32-ia32-msvc 81ms (cache miss)
637 silly packumentCache full:https://registry.npmjs.org/@rollup%2frollup-win32-ia32-msvc set size:undefined disposed:false
638 silly fetch manifest @rollup/rollup-linux-x64-musl@4.59.0
639 silly packumentCache full:https://registry.npmjs.org/@rollup%2frollup-linux-x64-musl cache-miss
640 http fetch GET 200 https://registry.npmjs.org/@rollup%2frollup-android-arm-eabi 87ms (cache miss)
641 silly packumentCache full:https://registry.npmjs.org/@rollup%2frollup-android-arm-eabi set size:undefined disposed:false
642 silly fetch manifest @rollup/rollup-openbsd-x64@4.59.0
643 silly packumentCache full:https://registry.npmjs.org/@rollup%2frollup-openbsd-x64 cache-miss
644 http fetch GET 200 https://registry.npmjs.org/@rollup%2frollup-linux-arm64-gnu 92ms (cache miss)
645 silly packumentCache full:https://registry.npmjs.org/@rollup%2frollup-linux-arm64-gnu set size:undefined disposed:false
646 silly fetch manifest @rollup/rollup-openharmony-arm64@4.59.0
647 silly packumentCache full:https://registry.npmjs.org/@rollup%2frollup-openharmony-arm64 cache-miss
648 http fetch GET 200 https://registry.npmjs.org/@rollup%2frollup-linux-riscv64-gnu 73ms (cache miss)
649 silly packumentCache full:https://registry.npmjs.org/@rollup%2frollup-linux-riscv64-gnu set size:undefined disposed:false
650 http fetch GET 200 https://registry.npmjs.org/@rollup%2frollup-linux-arm-musleabihf 94ms (cache miss)
651 silly packumentCache full:https://registry.npmjs.org/@rollup%2frollup-linux-arm-musleabihf set size:undefined disposed:false
652 http fetch GET 200 https://registry.npmjs.org/@rollup%2frollup-linux-ppc64-musl 58ms (cache miss)
653 silly packumentCache full:https://registry.npmjs.org/@rollup%2frollup-linux-ppc64-musl set size:undefined disposed:false
654 http fetch GET 200 https://registry.npmjs.org/@rollup%2frollup-linux-riscv64-musl 73ms (cache miss)
655 silly packumentCache full:https://registry.npmjs.org/@rollup%2frollup-linux-riscv64-musl set size:undefined disposed:false
656 http fetch GET 200 https://registry.npmjs.org/@rollup%2frollup-linux-ppc64-gnu 70ms (cache miss)
657 silly packumentCache full:https://registry.npmjs.org/@rollup%2frollup-linux-ppc64-gnu set size:undefined disposed:false
658 http fetch GET 200 https://registry.npmjs.org/@rollup%2frollup-win32-x64-gnu 45ms (cache miss)
659 silly packumentCache full:https://registry.npmjs.org/@rollup%2frollup-win32-x64-gnu set size:undefined disposed:false
660 http fetch GET 200 https://registry.npmjs.org/@rollup%2frollup-win32-x64-msvc 45ms (cache miss)
661 silly packumentCache full:https://registry.npmjs.org/@rollup%2frollup-win32-x64-msvc set size:undefined disposed:false
662 http fetch GET 200 https://registry.npmjs.org/@rollup%2frollup-freebsd-x64 58ms (cache miss)
663 silly packumentCache full:https://registry.npmjs.org/@rollup%2frollup-freebsd-x64 set size:undefined disposed:false
664 http fetch GET 200 https://registry.npmjs.org/@rollup%2frollup-darwin-arm64 162ms (cache miss)
665 silly packumentCache full:https://registry.npmjs.org/@rollup%2frollup-darwin-arm64 set size:undefined disposed:false
666 http fetch GET 200 https://registry.npmjs.org/@rollup%2frollup-openharmony-arm64 57ms (cache miss)
667 silly packumentCache full:https://registry.npmjs.org/@rollup%2frollup-openharmony-arm64 set size:undefined disposed:false
668 http fetch GET 200 https://registry.npmjs.org/@rollup%2frollup-linux-s390x-gnu 83ms (cache miss)
669 silly packumentCache full:https://registry.npmjs.org/@rollup%2frollup-linux-s390x-gnu set size:undefined disposed:false
670 http fetch GET 200 https://registry.npmjs.org/@rollup%2frollup-darwin-x64 80ms (cache miss)
671 silly packumentCache full:https://registry.npmjs.org/@rollup%2frollup-darwin-x64 set size:undefined disposed:false
672 http fetch GET 200 https://registry.npmjs.org/@rollup%2frollup-linux-x64-musl 67ms (cache miss)
673 silly packumentCache full:https://registry.npmjs.org/@rollup%2frollup-linux-x64-musl set size:undefined disposed:false
674 http fetch GET 200 https://registry.npmjs.org/@rollup%2frollup-linux-x64-gnu 72ms (cache miss)
675 silly packumentCache full:https://registry.npmjs.org/@rollup%2frollup-linux-x64-gnu set size:undefined disposed:false
676 http fetch GET 200 https://registry.npmjs.org/@rollup%2frollup-openbsd-x64 74ms (cache miss)
677 silly packumentCache full:https://registry.npmjs.org/@rollup%2frollup-openbsd-x64 set size:undefined disposed:false
678 silly placeDep ROOT nanoid@3.3.11 OK for: postcss@8.5.6 want: ^3.3.11
679 silly placeDep ROOT picocolors@1.1.1 OK for: postcss@8.5.6 want: ^1.1.1
680 silly placeDep ROOT source-map-js@1.2.1 OK for: postcss@8.5.6 want: ^1.2.1
681 silly placeDep ROOT @rollup/rollup-android-arm-eabi@4.59.0 OK for: rollup@4.59.0 want: 4.59.0
682 silly placeDep ROOT @rollup/rollup-android-arm64@4.59.0 OK for: rollup@4.59.0 want: 4.59.0
683 silly placeDep ROOT @rollup/rollup-darwin-arm64@4.59.0 OK for: rollup@4.59.0 want: 4.59.0
684 silly placeDep ROOT @rollup/rollup-darwin-x64@4.59.0 OK for: rollup@4.59.0 want: 4.59.0
685 silly placeDep ROOT @rollup/rollup-freebsd-arm64@4.59.0 OK for: rollup@4.59.0 want: 4.59.0
686 silly placeDep ROOT @rollup/rollup-freebsd-x64@4.59.0 OK for: rollup@4.59.0 want: 4.59.0
687 silly placeDep ROOT @rollup/rollup-linux-arm-gnueabihf@4.59.0 OK for: rollup@4.59.0 want: 4.59.0
688 silly placeDep ROOT @rollup/rollup-linux-arm-musleabihf@4.59.0 OK for: rollup@4.59.0 want: 4.59.0
689 silly placeDep ROOT @rollup/rollup-linux-arm64-gnu@4.59.0 OK for: rollup@4.59.0 want: 4.59.0
690 silly placeDep ROOT @rollup/rollup-linux-arm64-musl@4.59.0 OK for: rollup@4.59.0 want: 4.59.0
691 silly placeDep ROOT @rollup/rollup-linux-loong64-gnu@4.59.0 OK for: rollup@4.59.0 want: 4.59.0
692 silly placeDep ROOT @rollup/rollup-linux-loong64-musl@4.59.0 OK for: rollup@4.59.0 want: 4.59.0
693 silly placeDep ROOT @rollup/rollup-linux-ppc64-gnu@4.59.0 OK for: rollup@4.59.0 want: 4.59.0
694 silly placeDep ROOT @rollup/rollup-linux-ppc64-musl@4.59.0 OK for: rollup@4.59.0 want: 4.59.0
695 silly placeDep ROOT @rollup/rollup-linux-riscv64-gnu@4.59.0 OK for: rollup@4.59.0 want: 4.59.0
696 silly placeDep ROOT @rollup/rollup-linux-riscv64-musl@4.59.0 OK for: rollup@4.59.0 want: 4.59.0
697 silly placeDep ROOT @rollup/rollup-linux-s390x-gnu@4.59.0 OK for: rollup@4.59.0 want: 4.59.0
698 silly placeDep ROOT @rollup/rollup-linux-x64-gnu@4.59.0 OK for: rollup@4.59.0 want: 4.59.0
699 silly placeDep ROOT @rollup/rollup-linux-x64-musl@4.59.0 OK for: rollup@4.59.0 want: 4.59.0
700 silly placeDep ROOT @rollup/rollup-openbsd-x64@4.59.0 OK for: rollup@4.59.0 want: 4.59.0
701 silly placeDep ROOT @rollup/rollup-openharmony-arm64@4.59.0 OK for: rollup@4.59.0 want: 4.59.0
702 silly placeDep ROOT @rollup/rollup-win32-arm64-msvc@4.59.0 OK for: rollup@4.59.0 want: 4.59.0
703 silly placeDep ROOT @rollup/rollup-win32-ia32-msvc@4.59.0 OK for: rollup@4.59.0 want: 4.59.0
704 silly placeDep ROOT @rollup/rollup-win32-x64-gnu@4.59.0 OK for: rollup@4.59.0 want: 4.59.0
705 silly placeDep ROOT @rollup/rollup-win32-x64-msvc@4.59.0 OK for: rollup@4.59.0 want: 4.59.0
706 silly placeDep ROOT cac@6.7.14 OK for: vite-node@2.1.9 want: ^6.7.14
707 silly placeDep ROOT es-module-lexer@1.7.0 OK for: vite-node@2.1.9 want: ^1.5.4
708 silly placeDep ROOT siginfo@2.0.0 OK for: why-is-node-running@2.3.0 want: ^2.0.0
709 silly placeDep ROOT stackback@0.0.2 OK for: why-is-node-running@2.3.0 want: 0.0.2
710 silly placeDep node_modules/vite @esbuild/aix-ppc64@0.21.5 OK for: esbuild@0.21.5 want: 0.21.5
711 silly placeDep node_modules/vite @esbuild/android-arm@0.21.5 OK for: esbuild@0.21.5 want: 0.21.5
712 silly placeDep node_modules/vite @esbuild/android-arm64@0.21.5 OK for: esbuild@0.21.5 want: 0.21.5
713 silly placeDep node_modules/vite @esbuild/android-x64@0.21.5 OK for: esbuild@0.21.5 want: 0.21.5
714 silly placeDep node_modules/vite @esbuild/darwin-arm64@0.21.5 OK for: esbuild@0.21.5 want: 0.21.5
715 silly placeDep node_modules/vite @esbuild/darwin-x64@0.21.5 OK for: esbuild@0.21.5 want: 0.21.5
716 silly placeDep node_modules/vite @esbuild/freebsd-arm64@0.21.5 OK for: esbuild@0.21.5 want: 0.21.5
717 silly placeDep node_modules/vite @esbuild/freebsd-x64@0.21.5 OK for: esbuild@0.21.5 want: 0.21.5
718 silly placeDep node_modules/vite @esbuild/linux-arm@0.21.5 OK for: esbuild@0.21.5 want: 0.21.5
719 silly placeDep node_modules/vite @esbuild/linux-arm64@0.21.5 OK for: esbuild@0.21.5 want: 0.21.5
720 silly placeDep node_modules/vite @esbuild/linux-ia32@0.21.5 OK for: esbuild@0.21.5 want: 0.21.5
721 silly placeDep node_modules/vite @esbuild/linux-loong64@0.21.5 OK for: esbuild@0.21.5 want: 0.21.5
722 silly placeDep node_modules/vite @esbuild/linux-mips64el@0.21.5 OK for: esbuild@0.21.5 want: 0.21.5
723 silly placeDep node_modules/vite @esbuild/linux-ppc64@0.21.5 OK for: esbuild@0.21.5 want: 0.21.5
724 silly placeDep node_modules/vite @esbuild/linux-riscv64@0.21.5 OK for: esbuild@0.21.5 want: 0.21.5
725 silly placeDep node_modules/vite @esbuild/linux-s390x@0.21.5 OK for: esbuild@0.21.5 want: 0.21.5
726 silly placeDep node_modules/vite @esbuild/linux-x64@0.21.5 OK for: esbuild@0.21.5 want: 0.21.5
727 silly placeDep node_modules/vite @esbuild/netbsd-x64@0.21.5 OK for: esbuild@0.21.5 want: 0.21.5
728 silly placeDep node_modules/vite @esbuild/openbsd-x64@0.21.5 OK for: esbuild@0.21.5 want: 0.21.5
729 silly placeDep node_modules/vite @esbuild/sunos-x64@0.21.5 OK for: esbuild@0.21.5 want: 0.21.5
730 silly placeDep node_modules/vite @esbuild/win32-arm64@0.21.5 OK for: esbuild@0.21.5 want: 0.21.5
731 silly placeDep node_modules/vite @esbuild/win32-ia32@0.21.5 OK for: esbuild@0.21.5 want: 0.21.5
732 silly placeDep node_modules/vite @esbuild/win32-x64@0.21.5 OK for: esbuild@0.21.5 want: 0.21.5
733 silly reify moves {}
734 silly audit bulk request {
734 silly audit   '@types/benchmark': [ '2.1.5' ],
734 silly audit   '@types/node': [ '22.19.13' ],
734 silly audit   benchmark: [ '2.1.4' ],
734 silly audit   tsx: [ '4.21.0' ],
734 silly audit   typescript: [ '5.9.3' ],
734 silly audit   vitest: [ '2.1.9' ],
734 silly audit   'undici-types': [ '6.21.0' ],
734 silly audit   lodash: [ '4.17.23' ],
734 silly audit   platform: [ '1.3.6' ],
734 silly audit   esbuild: [ '0.27.3', '0.21.5' ],
734 silly audit   fsevents: [ '2.3.3' ],
734 silly audit   'get-tsconfig': [ '4.13.6' ],
734 silly audit   '@esbuild/aix-ppc64': [ '0.27.3', '0.21.5' ],
734 silly audit   '@esbuild/android-arm': [ '0.27.3', '0.21.5' ],
734 silly audit   '@esbuild/android-arm64': [ '0.27.3', '0.21.5' ],
734 silly audit   '@esbuild/android-x64': [ '0.27.3', '0.21.5' ],
734 silly audit   '@esbuild/darwin-arm64': [ '0.27.3', '0.21.5' ],
734 silly audit   '@esbuild/darwin-x64': [ '0.27.3', '0.21.5' ],
734 silly audit   '@esbuild/freebsd-arm64': [ '0.27.3', '0.21.5' ],
734 silly audit   '@esbuild/freebsd-x64': [ '0.27.3', '0.21.5' ],
734 silly audit   '@esbuild/linux-arm': [ '0.27.3', '0.21.5' ],
734 silly audit   '@esbuild/linux-arm64': [ '0.27.3', '0.21.5' ],
734 silly audit   '@esbuild/linux-ia32': [ '0.27.3', '0.21.5' ],
734 silly audit   '@esbuild/linux-loong64': [ '0.27.3', '0.21.5' ],
734 silly audit   '@esbuild/linux-mips64el': [ '0.27.3', '0.21.5' ],
734 silly audit   '@esbuild/linux-ppc64': [ '0.27.3', '0.21.5' ],
734 silly audit   '@esbuild/linux-riscv64': [ '0.27.3', '0.21.5' ],
734 silly audit   '@esbuild/linux-s390x': [ '0.27.3', '0.21.5' ],
734 silly audit   '@esbuild/linux-x64': [ '0.27.3', '0.21.5' ],
734 silly audit   '@esbuild/netbsd-arm64': [ '0.27.3' ],
734 silly audit   '@esbuild/netbsd-x64': [ '0.27.3', '0.21.5' ],
734 silly audit   '@esbuild/openbsd-arm64': [ '0.27.3' ],
734 silly audit   '@esbuild/openbsd-x64': [ '0.27.3', '0.21.5' ],
734 silly audit   '@esbuild/openharmony-arm64': [ '0.27.3' ],
734 silly audit   '@esbuild/sunos-x64': [ '0.27.3', '0.21.5' ],
734 silly audit   '@esbuild/win32-arm64': [ '0.27.3', '0.21.5' ],
734 silly audit   '@esbuild/win32-ia32': [ '0.27.3', '0.21.5' ],
734 silly audit   '@esbuild/win32-x64': [ '0.27.3', '0.21.5' ],
734 silly audit   'resolve-pkg-maps': [ '1.0.0' ],
734 silly audit   '@vitest/expect': [ '2.1.9' ],
734 silly audit   '@vitest/mocker': [ '2.1.9' ],
734 silly audit   '@vitest/pretty-format': [ '2.1.9' ],
734 silly audit   '@vitest/runner': [ '2.1.9' ],
734 silly audit   '@vitest/snapshot': [ '2.1.9' ],
734 silly audit   '@vitest/spy': [ '2.1.9' ],
734 silly audit   '@vitest/utils': [ '2.1.9' ],
734 silly audit   chai: [ '5.3.3' ],
734 silly audit   debug: [ '4.4.3' ],
734 silly audit   'expect-type': [ '1.3.0' ],
734 silly audit   'magic-string': [ '0.30.21' ],
734 silly audit   pathe: [ '1.1.2' ],
734 silly audit   'std-env': [ '3.10.0' ],
734 silly audit   tinybench: [ '2.9.0' ],
734 silly audit   tinyexec: [ '0.3.2' ],
734 silly audit   tinypool: [ '1.1.1' ],
734 silly audit   tinyrainbow: [ '1.2.0' ],
734 silly audit   vite: [ '5.4.21' ],
734 silly audit   'vite-node': [ '2.1.9' ],
734 silly audit   'why-is-node-running': [ '2.3.0' ],
734 silly audit   'estree-walker': [ '3.0.3' ],
734 silly audit   tinyspy: [ '3.0.2' ],
734 silly audit   loupe: [ '3.2.1' ],
734 silly audit   'assertion-error': [ '2.0.1' ],
734 silly audit   'check-error': [ '2.1.3' ],
734 silly audit   'deep-eql': [ '5.0.2' ],
734 silly audit   pathval: [ '2.0.1' ],
734 silly audit   ms: [ '2.1.3' ],
734 silly audit   '@types/estree': [ '1.0.8' ],
734 silly audit   '@jridgewell/sourcemap-codec': [ '1.5.5' ],
734 silly audit   postcss: [ '8.5.6' ],
734 silly audit   rollup: [ '4.59.0' ],
734 silly audit   nanoid: [ '3.3.11' ],
734 silly audit   picocolors: [ '1.1.1' ],
734 silly audit   'source-map-js': [ '1.2.1' ],
734 silly audit   '@rollup/rollup-android-arm-eabi': [ '4.59.0' ],
734 silly audit   '@rollup/rollup-android-arm64': [ '4.59.0' ],
734 silly audit   '@rollup/rollup-darwin-arm64': [ '4.59.0' ],
734 silly audit   '@rollup/rollup-darwin-x64': [ '4.59.0' ],
734 silly audit   '@rollup/rollup-freebsd-arm64': [ '4.59.0' ],
734 silly audit   '@rollup/rollup-freebsd-x64': [ '4.59.0' ],
734 silly audit   '@rollup/rollup-linux-arm-gnueabihf': [ '4.59.0' ],
734 silly audit   '@rollup/rollup-linux-arm-musleabihf': [ '4.59.0' ],
734 silly audit   '@rollup/rollup-linux-arm64-gnu': [ '4.59.0' ],
734 silly audit   '@rollup/rollup-linux-arm64-musl': [ '4.59.0' ],
734 silly audit   '@rollup/rollup-linux-loong64-gnu': [ '4.59.0' ],
734 silly audit   '@rollup/rollup-linux-loong64-musl': [ '4.59.0' ],
734 silly audit   '@rollup/rollup-linux-ppc64-gnu': [ '4.59.0' ],
734 silly audit   '@rollup/rollup-linux-ppc64-musl': [ '4.59.0' ],
734 silly audit   '@rollup/rollup-linux-riscv64-gnu': [ '4.59.0' ],
734 silly audit   '@rollup/rollup-linux-riscv64-musl': [ '4.59.0' ],
734 silly audit   '@rollup/rollup-linux-s390x-gnu': [ '4.59.0' ],
734 silly audit   '@rollup/rollup-linux-x64-gnu': [ '4.59.0' ],
734 silly audit   '@rollup/rollup-linux-x64-musl': [ '4.59.0' ],
734 silly audit   '@rollup/rollup-openbsd-x64': [ '4.59.0' ],
734 silly audit   '@rollup/rollup-openharmony-arm64': [ '4.59.0' ],
734 silly audit   '@rollup/rollup-win32-arm64-msvc': [ '4.59.0' ],
734 silly audit   '@rollup/rollup-win32-ia32-msvc': [ '4.59.0' ],
734 silly audit   '@rollup/rollup-win32-x64-gnu': [ '4.59.0' ],
734 silly audit   '@rollup/rollup-win32-x64-msvc': [ '4.59.0' ],
734 silly audit   cac: [ '6.7.14' ],
734 silly audit   'es-module-lexer': [ '1.7.0' ],
734 silly audit   siginfo: [ '2.0.0' ],
734 silly audit   stackback: [ '0.0.2' ]
734 silly audit }
735 http cache stackback@https://registry.npmjs.org/stackback/-/stackback-0.0.2.tgz 0ms (cache hit)
736 http cache siginfo@https://registry.npmjs.org/siginfo/-/siginfo-2.0.0.tgz 0ms (cache hit)
737 http cache cac@https://registry.npmjs.org/cac/-/cac-6.7.14.tgz 0ms (cache hit)
738 http cache es-module-lexer@https://registry.npmjs.org/es-module-lexer/-/es-module-lexer-1.7.0.tgz 0ms (cache hit)
739 http cache @rollup/rollup-win32-x64-msvc@https://registry.npmjs.org/@rollup/rollup-win32-x64-msvc/-/rollup-win32-x64-msvc-4.59.0.tgz 0ms (cache hit)
740 http cache picocolors@https://registry.npmjs.org/picocolors/-/picocolors-1.1.1.tgz 0ms (cache hit)
741 http cache @rollup/rollup-win32-x64-gnu@https://registry.npmjs.org/@rollup/rollup-win32-x64-gnu/-/rollup-win32-x64-gnu-4.59.0.tgz 0ms (cache hit)
742 http cache source-map-js@https://registry.npmjs.org/source-map-js/-/source-map-js-1.2.1.tgz 0ms (cache hit)
743 http cache rollup@https://registry.npmjs.org/rollup/-/rollup-4.59.0.tgz 0ms (cache hit)
744 http cache nanoid@https://registry.npmjs.org/nanoid/-/nanoid-3.3.11.tgz 0ms (cache hit)
745 http cache postcss@https://registry.npmjs.org/postcss/-/postcss-8.5.6.tgz 0ms (cache hit)
746 http cache @jridgewell/sourcemap-codec@https://registry.npmjs.org/@jridgewell/sourcemap-codec/-/sourcemap-codec-1.5.5.tgz 0ms (cache hit)
747 http cache @types/estree@https://registry.npmjs.org/@types/estree/-/estree-1.0.8.tgz 0ms (cache hit)
748 http cache ms@https://registry.npmjs.org/ms/-/ms-2.1.3.tgz 0ms (cache hit)
749 http cache deep-eql@https://registry.npmjs.org/deep-eql/-/deep-eql-5.0.2.tgz 0ms (cache hit)
750 http cache pathval@https://registry.npmjs.org/pathval/-/pathval-2.0.1.tgz 0ms (cache hit)
751 http cache check-error@https://registry.npmjs.org/check-error/-/check-error-2.1.3.tgz 0ms (cache hit)
752 http cache assertion-error@https://registry.npmjs.org/assertion-error/-/assertion-error-2.0.1.tgz 0ms (cache hit)
753 http cache loupe@https://registry.npmjs.org/loupe/-/loupe-3.2.1.tgz 0ms (cache hit)
754 http cache tinyspy@https://registry.npmjs.org/tinyspy/-/tinyspy-3.0.2.tgz 0ms (cache hit)
755 http cache estree-walker@https://registry.npmjs.org/estree-walker/-/estree-walker-3.0.3.tgz 0ms (cache hit)
756 http cache why-is-node-running@https://registry.npmjs.org/why-is-node-running/-/why-is-node-running-2.3.0.tgz 0ms (cache hit)
757 http cache vite-node@https://registry.npmjs.org/vite-node/-/vite-node-2.1.9.tgz 0ms (cache hit)
758 http cache vite@https://registry.npmjs.org/vite/-/vite-5.4.21.tgz 0ms (cache hit)
759 http cache tinypool@https://registry.npmjs.org/tinypool/-/tinypool-1.1.1.tgz 0ms (cache hit)
760 http cache tinyrainbow@https://registry.npmjs.org/tinyrainbow/-/tinyrainbow-1.2.0.tgz 0ms (cache hit)
761 http cache tinyexec@https://registry.npmjs.org/tinyexec/-/tinyexec-0.3.2.tgz 0ms (cache hit)
762 http cache tinybench@https://registry.npmjs.org/tinybench/-/tinybench-2.9.0.tgz 0ms (cache hit)
763 http cache std-env@https://registry.npmjs.org/std-env/-/std-env-3.10.0.tgz 0ms (cache hit)
764 http cache pathe@https://registry.npmjs.org/pathe/-/pathe-1.1.2.tgz 0ms (cache hit)
765 http cache magic-string@https://registry.npmjs.org/magic-string/-/magic-string-0.30.21.tgz 0ms (cache hit)
766 http cache expect-type@https://registry.npmjs.org/expect-type/-/expect-type-1.3.0.tgz 0ms (cache hit)
767 http cache debug@https://registry.npmjs.org/debug/-/debug-4.4.3.tgz 0ms (cache hit)
768 http cache chai@https://registry.npmjs.org/chai/-/chai-5.3.3.tgz 0ms (cache hit)
769 http cache @vitest/utils@https://registry.npmjs.org/@vitest/utils/-/utils-2.1.9.tgz 0ms (cache hit)
770 http cache @vitest/spy@https://registry.npmjs.org/@vitest/spy/-/spy-2.1.9.tgz 0ms (cache hit)
771 http cache @vitest/runner@https://registry.npmjs.org/@vitest/runner/-/runner-2.1.9.tgz 0ms (cache hit)
772 http cache @vitest/snapshot@https://registry.npmjs.org/@vitest/snapshot/-/snapshot-2.1.9.tgz 0ms (cache hit)
773 http cache resolve-pkg-maps@https://registry.npmjs.org/resolve-pkg-maps/-/resolve-pkg-maps-1.0.0.tgz 0ms (cache hit)
774 http cache @vitest/pretty-format@https://registry.npmjs.org/@vitest/pretty-format/-/pretty-format-2.1.9.tgz 0ms (cache hit)
775 http cache @vitest/mocker@https://registry.npmjs.org/@vitest/mocker/-/mocker-2.1.9.tgz 0ms (cache hit)
776 http cache @vitest/expect@https://registry.npmjs.org/@vitest/expect/-/expect-2.1.9.tgz 0ms (cache hit)
777 http cache @esbuild/win32-x64@https://registry.npmjs.org/@esbuild/win32-x64/-/win32-x64-0.27.3.tgz 0ms (cache hit)
778 http cache get-tsconfig@https://registry.npmjs.org/get-tsconfig/-/get-tsconfig-4.13.6.tgz 0ms (cache hit)
779 http cache esbuild@https://registry.npmjs.org/esbuild/-/esbuild-0.27.3.tgz 0ms (cache hit)
780 http cache platform@https://registry.npmjs.org/platform/-/platform-1.3.6.tgz 0ms (cache hit)
781 http cache lodash@https://registry.npmjs.org/lodash/-/lodash-4.17.23.tgz 0ms (cache hit)
782 http cache undici-types@https://registry.npmjs.org/undici-types/-/undici-types-6.21.0.tgz 0ms (cache hit)
783 http cache vitest@https://registry.npmjs.org/vitest/-/vitest-2.1.9.tgz 0ms (cache hit)
784 http cache @types/node@https://registry.npmjs.org/@types/node/-/node-22.19.13.tgz 0ms (cache hit)
785 http cache tsx@https://registry.npmjs.org/tsx/-/tsx-4.21.0.tgz 0ms (cache hit)
786 http cache typescript@https://registry.npmjs.org/typescript/-/typescript-5.9.3.tgz 0ms (cache hit)
787 http cache @types/benchmark@https://registry.npmjs.org/@types/benchmark/-/benchmark-2.1.5.tgz 0ms (cache hit)
788 http cache @esbuild/win32-x64@https://registry.npmjs.org/@esbuild/win32-x64/-/win32-x64-0.21.5.tgz 0ms (cache hit)
789 http cache benchmark@https://registry.npmjs.org/benchmark/-/benchmark-2.1.4.tgz 0ms (cache hit)
790 silly tarball no local data for stackback@https://registry.npmjs.org/stackback/-/stackback-0.0.2.tgz. Extracting by manifest.
791 silly tarball no local data for siginfo@https://registry.npmjs.org/siginfo/-/siginfo-2.0.0.tgz. Extracting by manifest.
792 http cache esbuild@https://registry.npmjs.org/esbuild/-/esbuild-0.21.5.tgz 0ms (cache hit)
793 silly tarball no local data for cac@https://registry.npmjs.org/cac/-/cac-6.7.14.tgz. Extracting by manifest.
794 silly tarball no local data for es-module-lexer@https://registry.npmjs.org/es-module-lexer/-/es-module-lexer-1.7.0.tgz. Extracting by manifest.
795 silly tarball no local data for @rollup/rollup-win32-x64-msvc@https://registry.npmjs.org/@rollup/rollup-win32-x64-msvc/-/rollup-win32-x64-msvc-4.59.0.tgz. Extracting by manifest.
796 silly tarball no local data for picocolors@https://registry.npmjs.org/picocolors/-/picocolors-1.1.1.tgz. Extracting by manifest.
797 silly tarball no local data for @rollup/rollup-win32-x64-gnu@https://registry.npmjs.org/@rollup/rollup-win32-x64-gnu/-/rollup-win32-x64-gnu-4.59.0.tgz. Extracting by manifest.
798 silly tarball no local data for source-map-js@https://registry.npmjs.org/source-map-js/-/source-map-js-1.2.1.tgz. Extracting by manifest.
799 silly tarball no local data for rollup@https://registry.npmjs.org/rollup/-/rollup-4.59.0.tgz. Extracting by manifest.
800 silly tarball no local data for nanoid@https://registry.npmjs.org/nanoid/-/nanoid-3.3.11.tgz. Extracting by manifest.
801 silly tarball no local data for postcss@https://registry.npmjs.org/postcss/-/postcss-8.5.6.tgz. Extracting by manifest.
802 silly tarball no local data for @jridgewell/sourcemap-codec@https://registry.npmjs.org/@jridgewell/sourcemap-codec/-/sourcemap-codec-1.5.5.tgz. Extracting by manifest.
803 silly tarball no local data for @types/estree@https://registry.npmjs.org/@types/estree/-/estree-1.0.8.tgz. Extracting by manifest.
804 silly tarball no local data for ms@https://registry.npmjs.org/ms/-/ms-2.1.3.tgz. Extracting by manifest.
805 silly tarball no local data for deep-eql@https://registry.npmjs.org/deep-eql/-/deep-eql-5.0.2.tgz. Extracting by manifest.
806 silly tarball no local data for pathval@https://registry.npmjs.org/pathval/-/pathval-2.0.1.tgz. Extracting by manifest.
807 silly tarball no local data for check-error@https://registry.npmjs.org/check-error/-/check-error-2.1.3.tgz. Extracting by manifest.
808 silly tarball no local data for assertion-error@https://registry.npmjs.org/assertion-error/-/assertion-error-2.0.1.tgz. Extracting by manifest.
809 silly tarball no local data for loupe@https://registry.npmjs.org/loupe/-/loupe-3.2.1.tgz. Extracting by manifest.
810 silly tarball no local data for tinyspy@https://registry.npmjs.org/tinyspy/-/tinyspy-3.0.2.tgz. Extracting by manifest.
811 silly tarball no local data for estree-walker@https://registry.npmjs.org/estree-walker/-/estree-walker-3.0.3.tgz. Extracting by manifest.
812 silly tarball no local data for why-is-node-running@https://registry.npmjs.org/why-is-node-running/-/why-is-node-running-2.3.0.tgz. Extracting by manifest.
813 silly tarball no local data for vite-node@https://registry.npmjs.org/vite-node/-/vite-node-2.1.9.tgz. Extracting by manifest.
814 silly tarball no local data for vite@https://registry.npmjs.org/vite/-/vite-5.4.21.tgz. Extracting by manifest.
815 silly tarball no local data for tinypool@https://registry.npmjs.org/tinypool/-/tinypool-1.1.1.tgz. Extracting by manifest.
816 silly tarball no local data for tinyrainbow@https://registry.npmjs.org/tinyrainbow/-/tinyrainbow-1.2.0.tgz. Extracting by manifest.
817 silly tarball no local data for tinyexec@https://registry.npmjs.org/tinyexec/-/tinyexec-0.3.2.tgz. Extracting by manifest.
818 silly tarball no local data for tinybench@https://registry.npmjs.org/tinybench/-/tinybench-2.9.0.tgz. Extracting by manifest.
819 silly tarball no local data for std-env@https://registry.npmjs.org/std-env/-/std-env-3.10.0.tgz. Extracting by manifest.
820 silly tarball no local data for pathe@https://registry.npmjs.org/pathe/-/pathe-1.1.2.tgz. Extracting by manifest.
821 silly tarball no local data for magic-string@https://registry.npmjs.org/magic-string/-/magic-string-0.30.21.tgz. Extracting by manifest.
822 silly tarball no local data for expect-type@https://registry.npmjs.org/expect-type/-/expect-type-1.3.0.tgz. Extracting by manifest.
823 silly tarball no local data for debug@https://registry.npmjs.org/debug/-/debug-4.4.3.tgz. Extracting by manifest.
824 silly tarball no local data for chai@https://registry.npmjs.org/chai/-/chai-5.3.3.tgz. Extracting by manifest.
825 silly tarball no local data for @vitest/utils@https://registry.npmjs.org/@vitest/utils/-/utils-2.1.9.tgz. Extracting by manifest.
826 silly tarball no local data for @vitest/spy@https://registry.npmjs.org/@vitest/spy/-/spy-2.1.9.tgz. Extracting by manifest.
827 silly tarball no local data for @vitest/runner@https://registry.npmjs.org/@vitest/runner/-/runner-2.1.9.tgz. Extracting by manifest.
828 silly tarball no local data for @vitest/snapshot@https://registry.npmjs.org/@vitest/snapshot/-/snapshot-2.1.9.tgz. Extracting by manifest.
829 silly tarball no local data for resolve-pkg-maps@https://registry.npmjs.org/resolve-pkg-maps/-/resolve-pkg-maps-1.0.0.tgz. Extracting by manifest.
830 silly tarball no local data for @vitest/pretty-format@https://registry.npmjs.org/@vitest/pretty-format/-/pretty-format-2.1.9.tgz. Extracting by manifest.
831 silly tarball no local data for @vitest/mocker@https://registry.npmjs.org/@vitest/mocker/-/mocker-2.1.9.tgz. Extracting by manifest.
832 silly tarball no local data for @vitest/expect@https://registry.npmjs.org/@vitest/expect/-/expect-2.1.9.tgz. Extracting by manifest.
833 silly tarball no local data for @esbuild/win32-x64@https://registry.npmjs.org/@esbuild/win32-x64/-/win32-x64-0.27.3.tgz. Extracting by manifest.
834 silly tarball no local data for get-tsconfig@https://registry.npmjs.org/get-tsconfig/-/get-tsconfig-4.13.6.tgz. Extracting by manifest.
835 silly tarball no local data for esbuild@https://registry.npmjs.org/esbuild/-/esbuild-0.27.3.tgz. Extracting by manifest.
836 silly tarball no local data for platform@https://registry.npmjs.org/platform/-/platform-1.3.6.tgz. Extracting by manifest.
837 silly tarball no local data for lodash@https://registry.npmjs.org/lodash/-/lodash-4.17.23.tgz. Extracting by manifest.
838 silly tarball no local data for undici-types@https://registry.npmjs.org/undici-types/-/undici-types-6.21.0.tgz. Extracting by manifest.
839 silly tarball no local data for vitest@https://registry.npmjs.org/vitest/-/vitest-2.1.9.tgz. Extracting by manifest.
840 silly tarball no local data for @types/node@https://registry.npmjs.org/@types/node/-/node-22.19.13.tgz. Extracting by manifest.
841 silly tarball no local data for tsx@https://registry.npmjs.org/tsx/-/tsx-4.21.0.tgz. Extracting by manifest.
842 silly tarball no local data for typescript@https://registry.npmjs.org/typescript/-/typescript-5.9.3.tgz. Extracting by manifest.
843 silly tarball no local data for @types/benchmark@https://registry.npmjs.org/@types/benchmark/-/benchmark-2.1.5.tgz. Extracting by manifest.
844 silly tarball no local data for @esbuild/win32-x64@https://registry.npmjs.org/@esbuild/win32-x64/-/win32-x64-0.21.5.tgz. Extracting by manifest.
845 silly tarball no local data for benchmark@https://registry.npmjs.org/benchmark/-/benchmark-2.1.4.tgz. Extracting by manifest.
846 silly tarball no local data for esbuild@https://registry.npmjs.org/esbuild/-/esbuild-0.21.5.tgz. Extracting by manifest.
847 http fetch GET 200 https://registry.npmjs.org/ms/-/ms-2.1.3.tgz 96ms (cache miss)
848 http fetch GET 200 https://registry.npmjs.org/siginfo/-/siginfo-2.0.0.tgz 103ms (cache miss)
849 http fetch GET 200 https://registry.npmjs.org/picocolors/-/picocolors-1.1.1.tgz 103ms (cache miss)
850 http fetch GET 200 https://registry.npmjs.org/nanoid/-/nanoid-3.3.11.tgz 101ms (cache miss)
851 http fetch GET 200 https://registry.npmjs.org/@types/estree/-/estree-1.0.8.tgz 101ms (cache miss)
852 http fetch GET 200 https://registry.npmjs.org/stackback/-/stackback-0.0.2.tgz 107ms (cache miss)
853 http fetch GET 200 https://registry.npmjs.org/deep-eql/-/deep-eql-5.0.2.tgz 127ms (cache miss)
854 http fetch POST 200 https://registry.npmjs.org/-/npm/v1/security/advisories/bulk 159ms
855 silly audit report {
855 silly audit report   esbuild: [
855 silly audit report     {
855 silly audit report       id: 1102341,
855 silly audit report       url: 'https://github.com/advisories/GHSA-67mh-4wv8-2f99',
855 silly audit report       title: 'esbuild enables any website to send any requests to the development server and read the response',
855 silly audit report       severity: 'moderate',
855 silly audit report       vulnerable_versions: '<=0.24.2',
855 silly audit report       cwe: [Array],
855 silly audit report       cvss: [Object]
855 silly audit report     }
855 silly audit report   ]
855 silly audit report }
856 silly packumentCache corgi:https://registry.npmjs.org/esbuild cache-miss
857 http fetch GET 200 https://registry.npmjs.org/check-error/-/check-error-2.1.3.tgz 140ms (cache miss)
858 http fetch GET 200 https://registry.npmjs.org/es-module-lexer/-/es-module-lexer-1.7.0.tgz 161ms (cache miss)
859 http fetch GET 200 https://registry.npmjs.org/why-is-node-running/-/why-is-node-running-2.3.0.tgz 162ms (cache miss)
860 http fetch GET 200 https://registry.npmjs.org/assertion-error/-/assertion-error-2.0.1.tgz 165ms (cache miss)
861 http fetch GET 200 https://registry.npmjs.org/estree-walker/-/estree-walker-3.0.3.tgz 169ms (cache miss)
862 http fetch GET 200 https://registry.npmjs.org/pathval/-/pathval-2.0.1.tgz 174ms (cache miss)
863 http fetch GET 200 https://registry.npmjs.org/tinyspy/-/tinyspy-3.0.2.tgz 176ms (cache miss)
864 http fetch GET 200 https://registry.npmjs.org/tinypool/-/tinypool-1.1.1.tgz 177ms (cache miss)
865 http fetch GET 200 https://registry.npmjs.org/tinyrainbow/-/tinyrainbow-1.2.0.tgz 189ms (cache miss)
866 http fetch GET 200 https://registry.npmjs.org/pathe/-/pathe-1.1.2.tgz 210ms (cache miss)
867 http fetch GET 200 https://registry.npmjs.org/debug/-/debug-4.4.3.tgz 218ms (cache miss)
868 http fetch GET 200 https://registry.npmjs.org/tinybench/-/tinybench-2.9.0.tgz 227ms (cache miss)
869 http fetch GET 200 https://registry.npmjs.org/@vitest/spy/-/spy-2.1.9.tgz 233ms (cache miss)
870 http fetch GET 200 https://registry.npmjs.org/tinyexec/-/tinyexec-0.3.2.tgz 248ms (cache miss)
871 http fetch GET 200 https://registry.npmjs.org/resolve-pkg-maps/-/resolve-pkg-maps-1.0.0.tgz 245ms (cache miss)
872 http fetch GET 200 https://registry.npmjs.org/@vitest/pretty-format/-/pretty-format-2.1.9.tgz 249ms (cache miss)
873 http fetch GET 200 https://registry.npmjs.org/cac/-/cac-6.7.14.tgz 263ms (cache miss)
874 http fetch GET 200 https://registry.npmjs.org/std-env/-/std-env-3.10.0.tgz 275ms (cache miss)
875 http fetch GET 200 https://registry.npmjs.org/platform/-/platform-1.3.6.tgz 293ms (cache miss)
876 http fetch GET 200 https://registry.npmjs.org/benchmark/-/benchmark-2.1.4.tgz 307ms (cache miss)
877 http fetch GET 200 https://registry.npmjs.org/esbuild/-/esbuild-0.27.3.tgz 315ms (cache miss)
878 http fetch GET 200 https://registry.npmjs.org/@vitest/expect/-/expect-2.1.9.tgz 319ms (cache miss)
879 http fetch GET 200 https://registry.npmjs.org/get-tsconfig/-/get-tsconfig-4.13.6.tgz 319ms (cache miss)
880 http fetch GET 200 https://registry.npmjs.org/source-map-js/-/source-map-js-1.2.1.tgz 332ms (cache miss)
881 http fetch GET 200 https://registry.npmjs.org/esbuild/-/esbuild-0.21.5.tgz 331ms (cache miss)
882 http fetch GET 200 https://registry.npmjs.org/@vitest/snapshot/-/snapshot-2.1.9.tgz 413ms (cache miss)
883 http fetch GET 200 https://registry.npmjs.org/@vitest/runner/-/runner-2.1.9.tgz 415ms (cache miss)
884 http fetch GET 200 https://registry.npmjs.org/expect-type/-/expect-type-1.3.0.tgz 420ms (cache miss)
885 http fetch GET 200 https://registry.npmjs.org/magic-string/-/magic-string-0.30.21.tgz 435ms (cache miss)
886 http fetch GET 200 https://registry.npmjs.org/esbuild 330ms (cache miss)
887 silly packumentCache corgi:https://registry.npmjs.org/esbuild set size:undefined disposed:false
888 http fetch GET 200 https://registry.npmjs.org/@rollup/rollup-win32-x64-gnu/-/rollup-win32-x64-gnu-4.59.0.tgz 478ms (cache miss)
889 http fetch GET 200 https://registry.npmjs.org/@types/benchmark/-/benchmark-2.1.5.tgz 472ms (cache miss)
890 http fetch GET 200 https://registry.npmjs.org/@jridgewell/sourcemap-codec/-/sourcemap-codec-1.5.5.tgz 491ms (cache miss)
891 silly packumentCache corgi:https://registry.npmjs.org/vite cache-miss
892 http fetch GET 200 https://registry.npmjs.org/@vitest/utils/-/utils-2.1.9.tgz 491ms (cache miss)
893 http fetch GET 200 https://registry.npmjs.org/@rollup/rollup-win32-x64-msvc/-/rollup-win32-x64-msvc-4.59.0.tgz 516ms (cache miss)
894 http fetch GET 200 https://registry.npmjs.org/@vitest/mocker/-/mocker-2.1.9.tgz 511ms (cache miss)
895 http fetch GET 200 https://registry.npmjs.org/undici-types/-/undici-types-6.21.0.tgz 543ms (cache miss)
896 http fetch GET 200 https://registry.npmjs.org/vite-node/-/vite-node-2.1.9.tgz 565ms (cache miss)
897 http fetch GET 200 https://registry.npmjs.org/postcss/-/postcss-8.5.6.tgz 626ms (cache miss)
898 http fetch GET 200 https://registry.npmjs.org/rollup/-/rollup-4.59.0.tgz 639ms (cache miss)
899 http fetch GET 200 https://registry.npmjs.org/loupe/-/loupe-3.2.1.tgz 658ms (cache miss)
900 http fetch GET 200 https://registry.npmjs.org/chai/-/chai-5.3.3.tgz 657ms (cache miss)
901 http fetch GET 200 https://registry.npmjs.org/vite 175ms (cache miss)
902 silly packumentCache corgi:https://registry.npmjs.org/vite set size:undefined disposed:false
903 http fetch GET 200 https://registry.npmjs.org/tsx/-/tsx-4.21.0.tgz 752ms (cache miss)
904 silly packumentCache corgi:https://registry.npmjs.org/vitest cache-miss
905 silly packumentCache corgi:https://registry.npmjs.org/@vitest%2fmocker cache-miss
906 silly packumentCache corgi:https://registry.npmjs.org/vite-node cache-miss
907 http fetch GET 200 https://registry.npmjs.org/vite/-/vite-5.4.21.tgz 786ms (cache miss)
908 http fetch GET 200 https://registry.npmjs.org/@vitest%2fmocker 63ms (cache miss)
909 silly packumentCache corgi:https://registry.npmjs.org/@vitest%2fmocker set size:undefined disposed:false
910 http fetch GET 200 https://registry.npmjs.org/vite-node 78ms (cache miss)
911 silly packumentCache corgi:https://registry.npmjs.org/vite-node set size:undefined disposed:false
912 http fetch GET 200 https://registry.npmjs.org/vitest 134ms (cache miss)
913 silly packumentCache corgi:https://registry.npmjs.org/vitest set size:undefined disposed:false
914 http fetch GET 200 https://registry.npmjs.org/@types/node/-/node-22.19.13.tgz 932ms (cache miss)
915 http fetch GET 200 https://registry.npmjs.org/@esbuild/win32-x64/-/win32-x64-0.21.5.tgz 944ms (cache miss)
916 http fetch GET 200 https://registry.npmjs.org/@esbuild/win32-x64/-/win32-x64-0.27.3.tgz 1008ms (cache miss)
917 http fetch GET 200 https://registry.npmjs.org/vitest/-/vitest-2.1.9.tgz 1052ms (cache miss)
918 http fetch GET 200 https://registry.npmjs.org/typescript/-/typescript-5.9.3.tgz 1301ms (cache miss)
919 http fetch GET 200 https://registry.npmjs.org/lodash/-/lodash-4.17.23.tgz 1840ms (cache miss)
920 info run esbuild@0.27.3 postinstall node_modules/esbuild node install.js
921 info run esbuild@0.21.5 postinstall node_modules/vite/node_modules/esbuild node install.js
922 info run esbuild@0.27.3 postinstall { code: 0, signal: null }
923 info run esbuild@0.21.5 postinstall { code: 0, signal: null }
924 silly ADD node_modules/stackback
925 silly ADD node_modules/siginfo
926 silly ADD node_modules/es-module-lexer
927 silly ADD node_modules/cac
928 silly ADD node_modules/@rollup/rollup-win32-x64-msvc
929 silly ADD node_modules/@rollup/rollup-win32-x64-gnu
930 silly ADD node_modules/source-map-js
931 silly ADD node_modules/picocolors
932 silly ADD node_modules/nanoid
933 silly ADD node_modules/rollup
934 silly ADD node_modules/postcss
935 silly ADD node_modules/@jridgewell/sourcemap-codec
936 silly ADD node_modules/@types/estree
937 silly ADD node_modules/ms
938 silly ADD node_modules/pathval
939 silly ADD node_modules/deep-eql
940 silly ADD node_modules/check-error
941 silly ADD node_modules/assertion-error
942 silly ADD node_modules/loupe
943 silly ADD node_modules/tinyspy
944 silly ADD node_modules/estree-walker
945 silly ADD node_modules/why-is-node-running
946 silly ADD node_modules/vite-node
947 silly ADD node_modules/vite
948 silly ADD node_modules/vite/node_modules/@esbuild/win32-x64
949 silly ADD node_modules/vite/node_modules/esbuild
950 silly ADD node_modules/tinyrainbow
951 silly ADD node_modules/tinypool
952 silly ADD node_modules/tinyexec
953 silly ADD node_modules/tinybench
954 silly ADD node_modules/std-env
955 silly ADD node_modules/pathe
956 silly ADD node_modules/magic-string
957 silly ADD node_modules/expect-type
958 silly ADD node_modules/debug
959 silly ADD node_modules/chai
960 silly ADD node_modules/@vitest/utils
961 silly ADD node_modules/@vitest/spy
962 silly ADD node_modules/@vitest/snapshot
963 silly ADD node_modules/@vitest/runner
964 silly ADD node_modules/@vitest/pretty-format
965 silly ADD node_modules/@vitest/mocker
966 silly ADD node_modules/@vitest/expect
967 silly ADD node_modules/resolve-pkg-maps
968 silly ADD node_modules/@esbuild/win32-x64
969 silly ADD node_modules/get-tsconfig
970 silly ADD node_modules/esbuild
971 silly ADD node_modules/platform
972 silly ADD node_modules/lodash
973 silly ADD node_modules/undici-types
974 silly ADD node_modules/vitest
975 silly ADD node_modules/typescript
976 silly ADD node_modules/tsx
977 silly ADD node_modules/benchmark
978 silly ADD node_modules/@types/node
979 silly ADD node_modules/@types/benchmark
980 verbose cwd C:\Users\Rob\projects\Thought\typescript
981 verbose os Windows_NT 10.0.26200
982 verbose node v24.13.0
983 verbose npm  v11.6.2
984 verbose exit 0
985 info ok
